TN:
SF:src\app\app.component.ts
FN:18,(anonymous_0)
FN:19,(anonymous_1)
FNF:2
FNH:0
FNDA:0,(anonymous_0)
FNDA:0,(anonymous_1)
DA:10,1
DA:12,0
DA:13,0
DA:14,0
DA:18,0
DA:20,0
LF:6
LH:1
BRF:0
BRH:0
end_of_record
TN:
SF:src\app\shared\componentes\auth-button\auth-button.component.ts
FN:23,(anonymous_0)
FN:28,(anonymous_1)
FN:42,(anonymous_2)
FN:46,(anonymous_3)
FN:54,(anonymous_4)
FN:62,(anonymous_5)
FNF:6
FNH:0
FNDA:0,(anonymous_0)
FNDA:0,(anonymous_1)
FNDA:0,(anonymous_2)
FNDA:0,(anonymous_3)
FNDA:0,(anonymous_4)
FNDA:0,(anonymous_5)
DA:17,1
DA:21,0
DA:24,0
DA:25,0
DA:26,0
DA:27,0
DA:28,0
DA:29,0
DA:30,0
DA:32,0
DA:33,0
DA:35,0
DA:37,0
DA:43,0
DA:47,0
DA:55,0
DA:63,0
LF:17
LH:1
BRDA:29,0,0,0
BRDA:29,0,1,0
BRDA:32,1,0,0
BRDA:32,1,1,0
BRDA:35,2,0,0
BRF:5
BRH:0
end_of_record
TN:
SF:src\app\shared\componentes\checkbox-calendar\checkbox-calendar.component.ts
FN:80,(anonymous_0)
FN:135,(anonymous_1)
FN:147,(anonymous_2)
FN:174,(anonymous_3)
FN:178,(anonymous_4)
FN:185,(anonymous_5)
FN:192,(anonymous_6)
FN:197,(anonymous_7)
FN:202,(anonymous_8)
FN:204,(anonymous_9)
FN:210,(anonymous_10)
FN:223,(anonymous_11)
FN:227,(anonymous_12)
FN:231,(anonymous_13)
FN:235,(anonymous_14)
FN:246,(anonymous_15)
FN:250,(anonymous_16)
FN:254,(anonymous_17)
FN:274,(anonymous_18)
FN:278,(anonymous_19)
FN:289,(anonymous_20)
FN:311,(anonymous_21)
FN:388,(anonymous_22)
FN:400,(anonymous_23)
FN:418,(anonymous_24)
FNF:25
FNH:0
FNDA:0,(anonymous_0)
FNDA:0,(anonymous_1)
FNDA:0,(anonymous_2)
FNDA:0,(anonymous_3)
FNDA:0,(anonymous_4)
FNDA:0,(anonymous_5)
FNDA:0,(anonymous_6)
FNDA:0,(anonymous_7)
FNDA:0,(anonymous_8)
FNDA:0,(anonymous_9)
FNDA:0,(anonymous_10)
FNDA:0,(anonymous_11)
FNDA:0,(anonymous_12)
FNDA:0,(anonymous_13)
FNDA:0,(anonymous_14)
FNDA:0,(anonymous_15)
FNDA:0,(anonymous_16)
FNDA:0,(anonymous_17)
FNDA:0,(anonymous_18)
FNDA:0,(anonymous_19)
FNDA:0,(anonymous_20)
FNDA:0,(anonymous_21)
FNDA:0,(anonymous_22)
FNDA:0,(anonymous_23)
FNDA:0,(anonymous_24)
DA:19,1
DA:21,0
DA:30,0
DA:48,0
DA:51,0
DA:56,0
DA:63,0
DA:65,0
DA:70,0
DA:71,0
DA:72,0
DA:74,0
DA:76,0
DA:81,0
DA:85,0
DA:91,0
DA:97,0
DA:99,0
DA:100,0
DA:101,0
DA:102,0
DA:103,0
DA:108,0
DA:109,0
DA:115,0
DA:116,0
DA:118,0
DA:119,0
DA:120,0
DA:122,0
DA:124,0
DA:125,0
DA:126,0
DA:127,0
DA:129,0
DA:130,0
DA:131,0
DA:132,0
DA:133,0
DA:136,0
DA:138,0
DA:139,0
DA:140,0
DA:141,0
DA:142,0
DA:143,0
DA:145,0
DA:147,0
DA:150,0
DA:151,0
DA:152,0
DA:153,0
DA:154,0
DA:156,0
DA:157,0
DA:158,0
DA:159,0
DA:160,0
DA:163,0
DA:164,0
DA:165,0
DA:166,0
DA:167,0
DA:169,0
DA:175,0
DA:177,0
DA:178,0
DA:179,0
DA:181,0
DA:182,0
DA:186,0
DA:187,0
DA:188,0
DA:194,0
DA:198,0
DA:199,0
DA:203,0
DA:204,0
DA:206,0
DA:211,0
DA:212,0
DA:214,0
DA:215,0
DA:217,0
DA:218,0
DA:219,0
DA:224,0
DA:228,0
DA:232,0
DA:236,0
DA:237,0
DA:238,0
DA:239,0
DA:240,0
DA:241,0
DA:242,0
DA:243,0
DA:247,0
DA:251,0
DA:255,0
DA:256,0
DA:257,0
DA:258,0
DA:259,0
DA:260,0
DA:261,0
DA:262,0
DA:263,0
DA:264,0
DA:265,0
DA:266,0
DA:268,0
DA:271,0
DA:272,0
DA:275,0
DA:276,0
DA:278,0
DA:279,0
DA:283,0
DA:291,0
DA:293,0
DA:296,0
DA:297,0
DA:298,0
DA:301,0
DA:304,0
DA:306,0
DA:312,0
DA:313,0
DA:314,0
DA:315,0
DA:316,0
DA:317,0
DA:320,0
DA:322,0
DA:323,0
DA:324,0
DA:326,0
DA:327,0
DA:330,0
DA:331,0
DA:332,0
DA:333,0
DA:336,0
DA:338,0
DA:339,0
DA:340,0
DA:341,0
DA:342,0
DA:343,0
DA:344,0
DA:348,0
DA:349,0
DA:350,0
DA:351,0
DA:353,0
DA:354,0
DA:355,0
DA:356,0
DA:361,0
DA:362,0
DA:365,0
DA:366,0
DA:368,0
DA:369,0
DA:370,0
DA:371,0
DA:372,0
DA:373,0
DA:374,0
DA:380,0
DA:382,0
DA:389,0
DA:390,0
DA:391,0
DA:392,0
DA:393,0
DA:395,0
DA:397,0
DA:401,0
DA:402,0
DA:405,0
DA:406,0
DA:407,0
DA:408,0
DA:411,0
DA:412,0
DA:413,0
DA:414,0
DA:418,0
DA:419,0
DA:420,0
DA:421,0
DA:422,0
DA:424,0
DA:425,0
DA:427,0
DA:428,0
DA:431,0
LF:199
LH:1
BRDA:150,0,0,0
BRDA:156,1,0,0
BRDA:163,2,0,0
BRDA:187,3,0,0
BRDA:202,4,0,0
BRDA:203,5,0,0
BRDA:203,5,1,0
BRDA:211,6,0,0
BRDA:214,7,0,0
BRDA:240,8,0,0
BRDA:240,8,1,0
BRDA:241,9,0,0
BRDA:241,9,1,0
BRDA:266,10,0,0
BRDA:275,11,0,0
BRDA:275,11,1,0
BRDA:299,12,0,0
BRDA:299,12,1,0
BRDA:326,13,0,0
BRDA:326,14,0,0
BRDA:326,14,1,0
BRDA:342,15,0,0
BRDA:355,16,0,0
BRDA:361,17,0,0
BRDA:361,18,0,0
BRDA:361,18,1,0
BRDA:365,19,0,0
BRDA:371,20,0,0
BRDA:389,21,0,0
BRDA:390,22,0,0
BRDA:390,22,1,0
BRDA:392,23,0,0
BRDA:401,24,0,0
BRDA:407,25,0,0
BRDA:420,26,0,0
BRDA:420,27,0,0
BRDA:420,27,1,0
BRDA:424,28,0,0
BRDA:425,29,0,0
BRDA:425,29,1,0
BRF:40
BRH:0
end_of_record
TN:
SF:src\app\shared\componentes\maintainer\maintainer.component.ts
FN:65,(anonymous_0)
FN:139,(anonymous_1)
FN:145,(anonymous_2)
FN:158,(anonymous_3)
FN:163,(anonymous_4)
FN:168,(anonymous_5)
FN:193,(anonymous_6)
FN:207,(anonymous_7)
FN:208,(anonymous_8)
FN:221,(anonymous_9)
FN:241,(anonymous_10)
FN:249,(anonymous_11)
FN:253,(anonymous_12)
FN:257,(anonymous_13)
FN:265,(anonymous_14)
FN:271,(anonymous_15)
FN:274,(anonymous_16)
FN:276,(anonymous_17)
FN:282,(anonymous_18)
FN:283,(anonymous_19)
FN:285,(anonymous_20)
FN:291,(anonymous_21)
FN:304,(anonymous_22)
FN:304,(anonymous_23)
FN:309,(anonymous_24)
FN:314,(anonymous_25)
FN:319,(anonymous_26)
FN:324,(anonymous_27)
FN:329,(anonymous_28)
FN:334,(anonymous_29)
FN:340,(anonymous_30)
FN:342,(anonymous_31)
FN:345,(anonymous_32)
FN:346,(anonymous_33)
FN:347,(anonymous_34)
FN:350,(anonymous_35)
FN:351,(anonymous_36)
FN:352,(anonymous_37)
FN:353,(anonymous_38)
FN:357,(anonymous_39)
FN:364,(anonymous_40)
FN:366,(anonymous_41)
FN:369,(anonymous_42)
FN:370,(anonymous_43)
FN:371,(anonymous_44)
FN:376,(anonymous_45)
FN:377,(anonymous_46)
FN:378,(anonymous_47)
FN:379,(anonymous_48)
FN:384,(anonymous_49)
FN:397,(anonymous_50)
FN:402,(anonymous_51)
FN:404,(anonymous_52)
FN:405,(anonymous_53)
FN:418,(anonymous_54)
FNF:55
FNH:0
FNDA:0,(anonymous_0)
FNDA:0,(anonymous_1)
FNDA:0,(anonymous_2)
FNDA:0,(anonymous_3)
FNDA:0,(anonymous_4)
FNDA:0,(anonymous_5)
FNDA:0,(anonymous_6)
FNDA:0,(anonymous_7)
FNDA:0,(anonymous_8)
FNDA:0,(anonymous_9)
FNDA:0,(anonymous_10)
FNDA:0,(anonymous_11)
FNDA:0,(anonymous_12)
FNDA:0,(anonymous_13)
FNDA:0,(anonymous_14)
FNDA:0,(anonymous_15)
FNDA:0,(anonymous_16)
FNDA:0,(anonymous_17)
FNDA:0,(anonymous_18)
FNDA:0,(anonymous_19)
FNDA:0,(anonymous_20)
FNDA:0,(anonymous_21)
FNDA:0,(anonymous_22)
FNDA:0,(anonymous_23)
FNDA:0,(anonymous_24)
FNDA:0,(anonymous_25)
FNDA:0,(anonymous_26)
FNDA:0,(anonymous_27)
FNDA:0,(anonymous_28)
FNDA:0,(anonymous_29)
FNDA:0,(anonymous_30)
FNDA:0,(anonymous_31)
FNDA:0,(anonymous_32)
FNDA:0,(anonymous_33)
FNDA:0,(anonymous_34)
FNDA:0,(anonymous_35)
FNDA:0,(anonymous_36)
FNDA:0,(anonymous_37)
FNDA:0,(anonymous_38)
FNDA:0,(anonymous_39)
FNDA:0,(anonymous_40)
FNDA:0,(anonymous_41)
FNDA:0,(anonymous_42)
FNDA:0,(anonymous_43)
FNDA:0,(anonymous_44)
FNDA:0,(anonymous_45)
FNDA:0,(anonymous_46)
FNDA:0,(anonymous_47)
FNDA:0,(anonymous_48)
FNDA:0,(anonymous_49)
FNDA:0,(anonymous_50)
FNDA:0,(anonymous_51)
FNDA:0,(anonymous_52)
FNDA:0,(anonymous_53)
FNDA:0,(anonymous_54)
DA:32,1
DA:43,0
DA:45,0
DA:48,0
DA:49,0
DA:50,0
DA:51,0
DA:52,0
DA:54,0
DA:56,0
DA:57,0
DA:58,0
DA:60,0
DA:66,0
DA:78,0
DA:81,0
DA:85,0
DA:93,0
DA:96,0
DA:99,0
DA:102,0
DA:103,0
DA:104,0
DA:121,0
DA:122,0
DA:124,0
DA:126,0
DA:130,0
DA:136,0
DA:137,0
DA:140,0
DA:141,0
DA:142,0
DA:148,0
DA:151,0
DA:152,0
DA:153,0
DA:154,0
DA:155,0
DA:156,0
DA:158,0
DA:159,0
DA:162,0
DA:163,0
DA:168,0
DA:171,0
DA:172,0
DA:173,0
DA:174,0
DA:176,0
DA:177,0
DA:178,0
DA:179,0
DA:182,0
DA:183,0
DA:184,0
DA:185,0
DA:193,0
DA:197,0
DA:199,0
DA:201,0
DA:203,0
DA:204,0
DA:205,0
DA:206,0
DA:208,0
DA:209,0
DA:210,0
DA:212,0
DA:222,0
DA:223,0
DA:224,0
DA:227,0
DA:228,0
DA:230,0
DA:231,0
DA:232,0
DA:233,0
DA:235,0
DA:236,0
DA:237,0
DA:240,0
DA:241,0
DA:244,0
DA:246,0
DA:250,0
DA:254,0
DA:258,0
DA:259,0
DA:260,0
DA:262,0
DA:266,0
DA:267,0
DA:269,0
DA:270,0
DA:271,0
DA:273,0
DA:274,0
DA:276,0
DA:278,0
DA:280,0
DA:281,0
DA:283,0
DA:285,0
DA:288,0
DA:289,0
DA:292,0
DA:293,0
DA:304,0
DA:311,0
DA:316,0
DA:321,0
DA:326,0
DA:331,0
DA:335,0
DA:336,0
DA:342,0
DA:344,0
DA:345,0
DA:346,0
DA:347,0
DA:348,0
DA:349,0
DA:350,0
DA:351,0
DA:352,0
DA:353,0
DA:354,0
DA:358,0
DA:359,0
DA:366,0
DA:368,0
DA:369,0
DA:370,0
DA:371,0
DA:372,0
DA:373,0
DA:375,0
DA:376,0
DA:377,0
DA:378,0
DA:379,0
DA:380,0
DA:381,0
DA:385,0
DA:386,0
DA:387,0
DA:388,0
DA:389,0
DA:390,0
DA:399,0
DA:400,0
DA:401,0
DA:402,0
DA:404,0
DA:405,0
DA:408,0
DA:409,0
DA:417,0
DA:418,0
LF:160
LH:1
BRDA:158,0,0,0
BRDA:159,1,0,0
BRDA:159,1,1,0
BRDA:171,2,0,0
BRDA:176,3,0,0
BRDA:182,4,0,0
BRDA:197,5,0,0
BRDA:203,6,0,0
BRDA:210,7,0,0
BRDA:223,8,0,0
BRDA:230,9,0,0
BRDA:230,9,1,0
BRDA:231,10,0,0
BRDA:231,10,1,0
BRDA:232,11,0,0
BRDA:232,11,1,0
BRDA:233,12,0,0
BRDA:233,12,1,0
BRDA:242,13,0,0
BRDA:242,13,1,0
BRDA:250,14,0,0
BRDA:265,15,0,0
BRDA:267,16,0,0
BRDA:267,16,1,0
BRDA:267,17,0,0
BRDA:267,17,1,0
BRDA:269,18,0,0
BRDA:269,18,1,0
BRDA:278,19,0,0
BRDA:278,19,1,0
BRDA:278,20,0,0
BRDA:278,20,1,0
BRDA:288,21,0,0
BRDA:293,22,0,0
BRDA:293,22,1,0
BRDA:335,23,0,0
BRDA:397,24,0,0
BRDA:399,25,0,0
BRDA:403,26,0,0
BRDA:403,26,1,0
BRF:40
BRH:0
end_of_record
TN:
SF:src\app\shared\componentes\maintainer-template\maintainer-template.component.ts
FN:21,(anonymous_0)
FNF:1
FNH:0
FNDA:0,(anonymous_0)
DA:9,1
DA:10,0
DA:11,0
DA:12,0
DA:13,0
DA:14,0
DA:16,0
DA:17,0
DA:18,0
DA:19,0
LF:10
LH:1
BRF:0
BRH:0
end_of_record
TN:
SF:src\app\shared\componentes\modal-dialog\modal-dialog.component.ts
FN:55,(anonymous_0)
FN:158,(anonymous_1)
FN:164,(anonymous_2)
FN:174,(anonymous_3)
FN:175,(anonymous_4)
FN:176,(anonymous_5)
FN:68,(anonymous_6)
FN:100,(anonymous_7)
FN:116,(anonymous_8)
FN:126,(anonymous_9)
FN:127,(anonymous_10)
FN:130,(anonymous_11)
FN:149,(anonymous_12)
FN:154,(anonymous_13)
FN:190,(anonymous_14)
FN:192,(anonymous_15)
FN:206,(anonymous_16)
FN:214,(anonymous_17)
FN:215,(anonymous_18)
FN:222,(anonymous_19)
FN:232,(anonymous_20)
FN:233,(anonymous_21)
FN:234,(anonymous_22)
FN:237,(anonymous_23)
FN:241,(anonymous_24)
FN:243,(anonymous_25)
FN:246,(anonymous_26)
FN:250,(anonymous_27)
FN:254,(anonymous_28)
FN:258,(anonymous_29)
FN:267,(anonymous_30)
FN:291,(anonymous_31)
FN:302,(anonymous_32)
FN:314,(anonymous_33)
FN:320,(anonymous_34)
FN:333,(anonymous_35)
FN:339,(anonymous_36)
FN:344,(anonymous_37)
FN:349,(anonymous_38)
FN:354,(anonymous_39)
FN:361,(anonymous_40)
FN:365,(anonymous_41)
FN:373,(anonymous_42)
FN:388,(anonymous_43)
FN:394,(anonymous_44)
FN:396,(anonymous_45)
FN:400,(anonymous_46)
FN:403,(anonymous_47)
FN:404,(anonymous_48)
FNF:49
FNH:0
FNDA:0,(anonymous_0)
FNDA:0,(anonymous_1)
FNDA:0,(anonymous_2)
FNDA:0,(anonymous_3)
FNDA:0,(anonymous_4)
FNDA:0,(anonymous_5)
FNDA:0,(anonymous_6)
FNDA:0,(anonymous_7)
FNDA:0,(anonymous_8)
FNDA:0,(anonymous_9)
FNDA:0,(anonymous_10)
FNDA:0,(anonymous_11)
FNDA:0,(anonymous_12)
FNDA:0,(anonymous_13)
FNDA:0,(anonymous_14)
FNDA:0,(anonymous_15)
FNDA:0,(anonymous_16)
FNDA:0,(anonymous_17)
FNDA:0,(anonymous_18)
FNDA:0,(anonymous_19)
FNDA:0,(anonymous_20)
FNDA:0,(anonymous_21)
FNDA:0,(anonymous_22)
FNDA:0,(anonymous_23)
FNDA:0,(anonymous_24)
FNDA:0,(anonymous_25)
FNDA:0,(anonymous_26)
FNDA:0,(anonymous_27)
FNDA:0,(anonymous_28)
FNDA:0,(anonymous_29)
FNDA:0,(anonymous_30)
FNDA:0,(anonymous_31)
FNDA:0,(anonymous_32)
FNDA:0,(anonymous_33)
FNDA:0,(anonymous_34)
FNDA:0,(anonymous_35)
FNDA:0,(anonymous_36)
FNDA:0,(anonymous_37)
FNDA:0,(anonymous_38)
FNDA:0,(anonymous_39)
FNDA:0,(anonymous_40)
FNDA:0,(anonymous_41)
FNDA:0,(anonymous_42)
FNDA:0,(anonymous_43)
FNDA:0,(anonymous_44)
FNDA:0,(anonymous_45)
FNDA:0,(anonymous_46)
FNDA:0,(anonymous_47)
FNDA:0,(anonymous_48)
DA:28,1
DA:31,0
DA:32,0
DA:34,0
DA:35,0
DA:37,0
DA:44,0
DA:46,0
DA:47,0
DA:51,0
DA:53,0
DA:55,0
DA:56,0
DA:57,0
DA:58,0
DA:60,0
DA:61,0
DA:62,0
DA:64,0
DA:68,0
DA:72,0
DA:74,0
DA:75,0
DA:78,0
DA:80,0
DA:81,0
DA:84,0
DA:86,0
DA:87,0
DA:94,0
DA:95,0
DA:96,0
DA:102,0
DA:104,0
DA:106,0
DA:107,0
DA:109,0
DA:110,0
DA:113,0
DA:114,0
DA:115,0
DA:116,0
DA:117,0
DA:118,0
DA:119,0
DA:121,0
DA:122,0
DA:123,0
DA:124,0
DA:125,0
DA:126,0
DA:127,0
DA:128,0
DA:129,0
DA:130,0
DA:131,0
DA:132,0
DA:133,0
DA:136,0
DA:137,0
DA:139,0
DA:140,0
DA:142,0
DA:146,0
DA:147,0
DA:149,0
DA:150,0
DA:155,0
DA:158,0
DA:159,0
DA:160,0
DA:161,0
DA:162,0
DA:163,0
DA:164,0
DA:166,0
DA:167,0
DA:168,0
DA:170,0
DA:174,0
DA:175,0
DA:176,0
DA:177,0
DA:180,0
DA:181,0
DA:182,0
DA:183,0
DA:185,0
DA:192,0
DA:194,0
DA:196,0
DA:201,0
DA:206,0
DA:207,0
DA:208,0
DA:211,0
DA:212,0
DA:214,0
DA:215,0
DA:216,0
DA:217,0
DA:218,0
DA:220,0
DA:222,0
DA:223,0
DA:224,0
DA:225,0
DA:226,0
DA:228,0
DA:232,0
DA:233,0
DA:234,0
DA:237,0
DA:242,0
DA:243,0
DA:247,0
DA:251,0
DA:256,0
DA:259,0
DA:260,0
DA:268,0
DA:269,0
DA:270,0
DA:271,0
DA:273,0
DA:274,0
DA:276,0
DA:292,0
DA:293,0
DA:294,0
DA:295,0
DA:296,0
DA:299,0
DA:304,0
DA:305,0
DA:306,0
DA:308,0
DA:309,0
DA:310,0
DA:316,0
DA:317,0
DA:318,0
DA:319,0
DA:320,0
DA:322,0
DA:323,0
DA:324,0
DA:325,0
DA:326,0
DA:335,0
DA:336,0
DA:341,0
DA:346,0
DA:351,0
DA:356,0
DA:358,0
DA:359,0
DA:361,0
DA:363,0
DA:365,0
DA:366,0
DA:369,0
DA:371,0
DA:372,0
DA:374,0
DA:375,0
DA:376,0
DA:378,0
DA:380,0
DA:386,0
DA:388,0
DA:389,0
DA:393,0
DA:394,0
DA:396,0
DA:400,0
DA:402,0
DA:403,0
DA:404,0
LF:179
LH:1
BRDA:167,0,0,0
BRDA:167,0,1,0
BRDA:72,1,0,0
BRDA:72,1,1,0
BRDA:78,2,0,0
BRDA:78,2,1,0
BRDA:84,3,0,0
BRDA:95,4,0,0
BRDA:106,5,0,0
BRDA:109,6,0,0
BRDA:131,7,0,0
BRDA:131,8,0,0
BRDA:131,8,1,0
BRDA:136,9,0,0
BRDA:136,9,1,0
BRDA:139,10,0,0
BRDA:146,11,0,0
BRDA:194,12,0,0
BRDA:194,12,1,0
BRDA:194,13,0,0
BRDA:194,13,1,0
BRDA:212,14,0,0
BRDA:212,14,1,0
BRDA:217,15,0,0
BRDA:224,16,0,0
BRDA:224,16,1,0
BRDA:225,17,0,0
BRDA:254,18,0,0
BRDA:255,19,0,0
BRDA:257,20,0,0
BRDA:257,20,1,0
BRDA:259,21,0,0
BRDA:271,22,0,0
BRDA:271,22,1,0
BRDA:273,23,0,0
BRDA:294,24,0,0
BRDA:305,25,0,0
BRDA:305,25,1,0
BRDA:318,26,0,0
BRDA:322,27,0,0
BRDA:325,28,0,0
BRDA:371,29,0,0
BRDA:371,29,1,0
BRDA:375,30,0,0
BRDA:375,30,1,0
BRDA:386,31,0,0
BRDA:389,32,0,0
BRDA:389,33,0,0
BRDA:389,33,1,0
BRF:49
BRH:0
end_of_record
TN:
SF:src\app\shared\componentes\multi-select\multi-select.component.ts
FN:57,(anonymous_0)
FN:68,(anonymous_1)
FN:69,(anonymous_2)
FN:71,(anonymous_3)
FN:77,(anonymous_4)
FN:87,(anonymous_5)
FN:89,(anonymous_6)
FN:93,(anonymous_7)
FN:121,(anonymous_8)
FN:132,(anonymous_9)
FN:140,(anonymous_10)
FN:145,(anonymous_11)
FN:177,(anonymous_12)
FN:178,(anonymous_13)
FN:191,(anonymous_14)
FN:195,(anonymous_15)
FN:199,(anonymous_16)
FN:206,(anonymous_17)
FN:214,(anonymous_18)
FN:226,(anonymous_19)
FN:247,(anonymous_20)
FN:253,(anonymous_21)
FN:275,(anonymous_22)
FN:279,(anonymous_23)
FN:283,(anonymous_24)
FN:287,(anonymous_25)
FN:296,(anonymous_26)
FN:305,(anonymous_27)
FNF:28
FNH:0
FNDA:0,(anonymous_0)
FNDA:0,(anonymous_1)
FNDA:0,(anonymous_2)
FNDA:0,(anonymous_3)
FNDA:0,(anonymous_4)
FNDA:0,(anonymous_5)
FNDA:0,(anonymous_6)
FNDA:0,(anonymous_7)
FNDA:0,(anonymous_8)
FNDA:0,(anonymous_9)
FNDA:0,(anonymous_10)
FNDA:0,(anonymous_11)
FNDA:0,(anonymous_12)
FNDA:0,(anonymous_13)
FNDA:0,(anonymous_14)
FNDA:0,(anonymous_15)
FNDA:0,(anonymous_16)
FNDA:0,(anonymous_17)
FNDA:0,(anonymous_18)
FNDA:0,(anonymous_19)
FNDA:0,(anonymous_20)
FNDA:0,(anonymous_21)
FNDA:0,(anonymous_22)
FNDA:0,(anonymous_23)
FNDA:0,(anonymous_24)
FNDA:0,(anonymous_25)
FNDA:0,(anonymous_26)
FNDA:0,(anonymous_27)
DA:17,1
DA:22,0
DA:25,0
DA:28,0
DA:31,0
DA:35,0
DA:38,0
DA:40,0
DA:45,0
DA:49,0
DA:51,0
DA:58,0
DA:59,0
DA:60,0
DA:61,0
DA:62,0
DA:64,0
DA:65,0
DA:69,0
DA:70,0
DA:71,0
DA:72,0
DA:75,0
DA:76,0
DA:77,0
DA:78,0
DA:79,0
DA:80,0
DA:85,0
DA:86,0
DA:87,0
DA:89,0
DA:90,0
DA:91,0
DA:92,0
DA:93,0
DA:94,0
DA:98,0
DA:99,0
DA:102,0
DA:103,0
DA:105,0
DA:106,0
DA:107,0
DA:111,0
DA:112,0
DA:113,0
DA:114,0
DA:118,0
DA:119,0
DA:121,0
DA:123,0
DA:124,0
DA:126,0
DA:129,0
DA:133,0
DA:141,0
DA:142,0
DA:146,0
DA:147,0
DA:149,0
DA:150,0
DA:151,0
DA:152,0
DA:155,0
DA:156,0
DA:158,0
DA:159,0
DA:160,0
DA:162,0
DA:163,0
DA:164,0
DA:166,0
DA:171,0
DA:172,0
DA:174,0
DA:175,0
DA:176,0
DA:177,0
DA:178,0
DA:179,0
DA:180,0
DA:181,0
DA:183,0
DA:192,0
DA:196,0
DA:200,0
DA:201,0
DA:203,0
DA:207,0
DA:208,0
DA:209,0
DA:211,0
DA:215,0
DA:216,0
DA:217,0
DA:219,0
DA:220,0
DA:223,0
DA:228,0
DA:229,0
DA:230,0
DA:234,0
DA:235,0
DA:238,0
DA:239,0
DA:241,0
DA:242,0
DA:243,0
DA:248,0
DA:249,0
DA:250,0
DA:251,0
DA:253,0
DA:255,0
DA:256,0
DA:260,0
DA:261,0
DA:262,0
DA:263,0
DA:264,0
DA:268,0
DA:269,0
DA:270,0
DA:272,0
DA:276,0
DA:280,0
DA:284,0
DA:292,0
DA:293,0
DA:297,0
DA:298,0
DA:304,0
DA:306,0
DA:307,0
DA:313,0
LF:136
LH:1
BRDA:70,0,0,0
BRDA:76,1,0,0
BRDA:79,2,0,0
BRDA:94,3,0,0
BRDA:95,4,0,0
BRDA:95,4,1,0
BRDA:102,5,0,0
BRDA:102,5,1,0
BRDA:113,6,0,0
BRDA:118,7,0,0
BRDA:123,8,0,0
BRDA:123,8,1,0
BRDA:145,9,0,0
BRDA:151,10,0,0
BRDA:158,11,0,0
BRDA:158,11,1,0
BRDA:159,12,0,0
BRDA:159,12,1,0
BRDA:162,13,0,0
BRDA:162,13,1,0
BRDA:174,14,0,0
BRDA:176,15,0,0
BRDA:179,16,0,0
BRDA:200,17,0,0
BRDA:216,18,0,0
BRDA:219,19,0,0
BRDA:230,20,0,0
BRDA:231,21,0,0
BRDA:231,21,1,0
BRDA:238,22,0,0
BRDA:238,22,1,0
BRDA:250,23,0,0
BRDA:260,24,0,0
BRDA:263,25,0,0
BRDA:269,26,0,0
BRDA:289,27,0,0
BRDA:290,28,0,0
BRDA:292,29,0,0
BRDA:292,29,1,0
BRDA:297,30,0,0
BRDA:306,31,0,0
BRF:41
BRH:0
end_of_record
TN:
SF:src\app\shared\componentes\numbers-calendar\numbers-calendar.component.ts
FN:78,(anonymous_0)
FN:125,(anonymous_1)
FN:135,(anonymous_2)
FN:157,(anonymous_3)
FN:158,(anonymous_4)
FN:164,(anonymous_5)
FN:168,(anonymous_6)
FN:173,(anonymous_7)
FN:187,(anonymous_8)
FN:191,(anonymous_9)
FN:195,(anonymous_10)
FN:199,(anonymous_11)
FN:212,(anonymous_12)
FN:226,(anonymous_13)
FN:237,(anonymous_14)
FN:294,(anonymous_15)
FN:296,(anonymous_16)
FN:313,(anonymous_17)
FNF:18
FNH:0
FNDA:0,(anonymous_0)
FNDA:0,(anonymous_1)
FNDA:0,(anonymous_2)
FNDA:0,(anonymous_3)
FNDA:0,(anonymous_4)
FNDA:0,(anonymous_5)
FNDA:0,(anonymous_6)
FNDA:0,(anonymous_7)
FNDA:0,(anonymous_8)
FNDA:0,(anonymous_9)
FNDA:0,(anonymous_10)
FNDA:0,(anonymous_11)
FNDA:0,(anonymous_12)
FNDA:0,(anonymous_13)
FNDA:0,(anonymous_14)
FNDA:0,(anonymous_15)
FNDA:0,(anonymous_16)
FNDA:0,(anonymous_17)
DA:19,1
DA:21,0
DA:24,0
DA:27,0
DA:51,0
DA:63,0
DA:66,0
DA:68,0
DA:69,0
DA:70,0
DA:72,0
DA:74,0
DA:79,0
DA:85,0
DA:92,0
DA:94,0
DA:95,0
DA:96,0
DA:97,0
DA:98,0
DA:103,0
DA:104,0
DA:108,0
DA:109,0
DA:111,0
DA:112,0
DA:115,0
DA:116,0
DA:117,0
DA:118,0
DA:119,0
DA:120,0
DA:121,0
DA:123,0
DA:127,0
DA:128,0
DA:129,0
DA:130,0
DA:131,0
DA:133,0
DA:135,0
DA:139,0
DA:140,0
DA:141,0
DA:142,0
DA:144,0
DA:145,0
DA:146,0
DA:147,0
DA:149,0
DA:150,0
DA:151,0
DA:152,0
DA:158,0
DA:159,0
DA:161,0
DA:165,0
DA:170,0
DA:174,0
DA:175,0
DA:177,0
DA:178,0
DA:180,0
DA:181,0
DA:182,0
DA:183,0
DA:188,0
DA:192,0
DA:196,0
DA:200,0
DA:201,0
DA:203,0
DA:206,0
DA:213,0
DA:214,0
DA:215,0
DA:216,0
DA:217,0
DA:220,0
DA:228,0
DA:230,0
DA:232,0
DA:240,0
DA:241,0
DA:244,0
DA:245,0
DA:247,0
DA:249,0
DA:252,0
DA:253,0
DA:254,0
DA:255,0
DA:256,0
DA:257,0
DA:258,0
DA:261,0
DA:263,0
DA:264,0
DA:265,0
DA:268,0
DA:270,0
DA:271,0
DA:272,0
DA:273,0
DA:274,0
DA:275,0
DA:276,0
DA:277,0
DA:278,0
DA:279,0
DA:280,0
DA:282,0
DA:285,0
DA:286,0
DA:288,0
DA:295,0
DA:296,0
DA:297,0
DA:298,0
DA:301,0
DA:305,0
DA:307,0
DA:314,0
LF:123
LH:1
BRDA:139,0,0,0
BRDA:144,1,0,0
BRDA:149,2,0,0
BRDA:174,3,0,0
BRDA:177,4,0,0
BRDA:201,5,0,0
BRDA:216,6,0,0
BRDA:242,7,0,0
BRDA:242,7,1,0
BRDA:244,8,0,0
BRDA:244,8,1,0
BRDA:279,9,0,0
BRF:12
BRH:0
end_of_record
TN:
SF:src\app\shared\directives\email-validator\email-validator.directive.ts
FN:4,emailValidator
FN:8,(anonymous_1)
FN:34,(anonymous_2)
FN:36,(anonymous_3)
FNF:4
FNH:2
FNDA:1,emailValidator
FNDA:0,(anonymous_1)
FNDA:1,(anonymous_2)
FNDA:0,(anonymous_3)
DA:6,1
DA:8,1
DA:9,0
DA:11,0
DA:12,0
DA:14,0
DA:32,1
DA:37,0
LF:8
LH:3
BRDA:11,0,0,0
BRDA:11,0,1,0
BRF:2
BRH:0
end_of_record
TN:
SF:src\app\shared\directives\hora-validator\hora-validator.directive.ts
FN:7,horaValidator
FN:9,(anonymous_1)
FN:41,(anonymous_2)
FNF:3
FNH:1
FNDA:0,horaValidator
FNDA:0,(anonymous_1)
FNDA:1,(anonymous_2)
DA:9,0
DA:11,0
DA:13,0
DA:15,0
DA:16,0
DA:18,0
DA:38,1
LF:7
LH:1
BRDA:13,0,0,0
BRDA:13,0,1,0
BRDA:15,1,0,0
BRDA:15,1,1,0
BRF:4
BRH:0
end_of_record
TN:
SF:src\app\shared\directives\profe-validator\profe-validator.directive.ts
FN:4,profeValidator
FN:8,(anonymous_1)
FN:13,(anonymous_2)
FN:38,(anonymous_3)
FNF:4
FNH:1
FNDA:0,profeValidator
FNDA:0,(anonymous_1)
FNDA:0,(anonymous_2)
FNDA:1,(anonymous_3)
DA:6,0
DA:7,0
DA:8,0
DA:9,0
DA:10,0
DA:13,0
DA:14,0
DA:15,0
DA:16,0
DA:18,0
DA:36,1
LF:11
LH:1
BRDA:9,0,0,0
BRDA:9,1,0,0
BRDA:9,1,1,0
BRDA:15,2,0,0
BRDA:15,2,1,0
BRDA:15,3,0,0
BRDA:15,3,1,0
BRF:7
BRH:0
end_of_record
TN:
SF:src\app\shared\directives\rut-validator\rut-validator.directive.ts
FN:4,rutValidator
FN:6,(anonymous_1)
FN:72,(anonymous_2)
FN:76,(anonymous_3)
FNF:4
FNH:2
FNDA:6,rutValidator
FNDA:0,(anonymous_1)
FNDA:0,(anonymous_2)
FNDA:1,(anonymous_3)
DA:6,6
DA:8,0
DA:9,0
DA:15,0
DA:16,0
DA:17,0
DA:18,0
DA:19,0
DA:22,0
DA:25,0
DA:27,0
DA:29,0
DA:32,0
DA:33,0
DA:35,0
DA:39,0
DA:40,0
DA:42,0
DA:48,0
DA:49,0
DA:51,0
DA:70,1
DA:73,0
LF:23
LH:2
BRDA:29,0,0,0
BRDA:29,0,1,0
BRDA:32,1,0,0
BRDA:39,2,0,0
BRDA:39,2,1,0
BRDA:40,3,0,0
BRDA:40,3,1,0
BRDA:42,4,0,0
BRDA:42,4,1,0
BRDA:48,5,0,0
BRDA:48,5,1,0
BRF:11
BRH:0
end_of_record
TN:
SF:src\app\shared\directives\select-validator\select-validator.directive.ts
FN:4,selectValidator
FN:6,(anonymous_1)
FN:33,(anonymous_2)
FNF:3
FNH:1
FNDA:0,selectValidator
FNDA:0,(anonymous_1)
FNDA:1,(anonymous_2)
DA:6,0
DA:8,0
DA:10,0
DA:11,0
DA:13,0
DA:31,1
LF:6
LH:1
BRDA:8,0,0,0
BRDA:8,0,1,0
BRDA:10,1,0,0
BRDA:10,1,1,0
BRF:4
BRH:0
end_of_record
TN:
SF:src\app\shared\services\crud\crud.service.ts
FN:22,(anonymous_0)
FN:26,(anonymous_1)
FN:27,(anonymous_2)
FN:39,(anonymous_3)
FN:44,(anonymous_4)
FN:51,(anonymous_5)
FN:59,(anonymous_6)
FN:64,(anonymous_7)
FN:72,(anonymous_8)
FN:78,(anonymous_9)
FN:87,(anonymous_10)
FN:101,(anonymous_11)
FN:109,(anonymous_12)
FN:116,(anonymous_13)
FN:127,(anonymous_14)
FN:152,(anonymous_15)
FN:157,(anonymous_16)
FN:162,(anonymous_17)
FN:173,(anonymous_18)
FN:183,(anonymous_19)
FN:196,(anonymous_20)
FN:200,(anonymous_21)
FN:213,(anonymous_22)
FN:224,(anonymous_23)
FNF:24
FNH:0
FNDA:0,(anonymous_0)
FNDA:0,(anonymous_1)
FNDA:0,(anonymous_2)
FNDA:0,(anonymous_3)
FNDA:0,(anonymous_4)
FNDA:0,(anonymous_5)
FNDA:0,(anonymous_6)
FNDA:0,(anonymous_7)
FNDA:0,(anonymous_8)
FNDA:0,(anonymous_9)
FNDA:0,(anonymous_10)
FNDA:0,(anonymous_11)
FNDA:0,(anonymous_12)
FNDA:0,(anonymous_13)
FNDA:0,(anonymous_14)
FNDA:0,(anonymous_15)
FNDA:0,(anonymous_16)
FNDA:0,(anonymous_17)
FNDA:0,(anonymous_18)
FNDA:0,(anonymous_19)
FNDA:0,(anonymous_20)
FNDA:0,(anonymous_21)
FNDA:0,(anonymous_22)
FNDA:0,(anonymous_23)
DA:11,1
DA:12,0
DA:15,0
DA:27,0
DA:29,0
DA:32,0
DA:35,0
DA:40,0
DA:41,0
DA:46,0
DA:47,0
DA:48,0
DA:53,0
DA:54,0
DA:55,0
DA:60,0
DA:61,0
DA:66,0
DA:67,0
DA:68,0
DA:74,0
DA:75,0
DA:83,0
DA:84,0
DA:86,0
DA:87,0
DA:88,0
DA:91,0
DA:93,0
DA:98,0
DA:103,0
DA:104,0
DA:111,0
DA:112,0
DA:124,0
DA:125,0
DA:126,0
DA:127,0
DA:128,0
DA:131,0
DA:133,0
DA:136,0
DA:137,0
DA:138,0
DA:139,0
DA:141,0
DA:142,0
DA:144,0
DA:147,0
DA:154,0
DA:155,0
DA:156,0
DA:157,0
DA:164,0
DA:165,0
DA:180,0
DA:182,0
DA:183,0
DA:184,0
DA:188,0
DA:189,0
DA:198,0
DA:199,0
DA:200,0
DA:201,0
DA:205,0
DA:207,0
DA:220,0
DA:221,0
DA:223,0
DA:224,0
DA:225,0
DA:227,0
DA:229,0
DA:232,0
LF:75
LH:1
BRDA:26,0,0,0
BRDA:80,1,0,0
BRDA:81,2,0,0
BRDA:86,3,0,0
BRDA:86,3,1,0
BRDA:119,4,0,0
BRDA:120,5,0,0
BRDA:126,6,0,0
BRDA:126,6,1,0
BRDA:136,7,0,0
BRDA:136,7,1,0
BRDA:176,8,0,0
BRDA:177,9,0,0
BRDA:182,10,0,0
BRDA:196,11,0,0
BRDA:199,12,0,0
BRDA:217,13,0,0
BRDA:223,14,0,0
BRDA:223,14,1,0
BRF:19
BRH:0
end_of_record
TN:
SF:src\app\shared\services\foreign-keys\foreign-keys.service.ts
FN:14,(anonymous_0)
FN:17,(anonymous_1)
FN:26,(anonymous_2)
FN:30,(anonymous_3)
FN:34,(anonymous_4)
FN:37,(anonymous_5)
FNF:6
FNH:2
FNDA:1,(anonymous_0)
FNDA:44,(anonymous_1)
FNDA:0,(anonymous_2)
FNDA:0,(anonymous_3)
FNDA:0,(anonymous_4)
FNDA:0,(anonymous_5)
DA:8,1
DA:10,1
DA:12,1
DA:16,1
DA:17,44
DA:21,1
DA:22,44
DA:27,0
DA:31,0
DA:35,0
DA:36,0
DA:37,0
DA:38,0
LF:13
LH:7
BRF:0
BRH:0
end_of_record
TN:
SF:src\app\shared\services\getdatetime\getdatetime.service.ts
FN:12,(anonymous_0)
FN:14,(anonymous_1)
FN:25,(anonymous_2)
FN:25,(anonymous_3)
FN:26,(anonymous_4)
FN:32,(anonymous_5)
FNF:6
FNH:0
FNDA:0,(anonymous_0)
FNDA:0,(anonymous_1)
FNDA:0,(anonymous_2)
FNDA:0,(anonymous_3)
FNDA:0,(anonymous_4)
FNDA:0,(anonymous_5)
DA:8,1
DA:13,0
DA:14,0
DA:15,0
DA:16,0
DA:17,0
DA:18,0
DA:19,0
DA:20,0
DA:24,0
DA:25,0
DA:26,0
DA:32,0
LF:13
LH:1
BRDA:20,0,0,0
BRDA:20,0,1,0
BRF:2
BRH:0
end_of_record
TN:
SF:src\app\shared\services\icons\icons.service.ts
FN:10,(anonymous_0)
FN:14,(anonymous_1)
FN:18,(anonymous_2)
FN:20,(anonymous_3)
FN:24,(anonymous_4)
FNF:5
FNH:1
FNDA:2,(anonymous_0)
FNDA:0,(anonymous_1)
FNDA:0,(anonymous_2)
FNDA:0,(anonymous_3)
FNDA:0,(anonymous_4)
DA:8,1
DA:15,0
DA:19,0
DA:20,0
DA:21,0
DA:25,0
LF:6
LH:1
BRDA:15,0,0,0
BRDA:15,0,1,0
BRF:2
BRH:0
end_of_record
TN:
SF:src\app\shared\services\labels\labels.service.ts
FN:20,(anonymous_0)
FN:23,(anonymous_1)
FN:27,(anonymous_2)
FN:37,(anonymous_3)
FN:44,(anonymous_4)
FN:49,(anonymous_5)
FN:53,(anonymous_6)
FN:61,(anonymous_7)
FN:65,(anonymous_8)
FN:69,(anonymous_9)
FN:73,(anonymous_10)
FNF:11
FNH:4
FNDA:1,(anonymous_0)
FNDA:42,(anonymous_1)
FNDA:6,(anonymous_2)
FNDA:51,(anonymous_3)
FNDA:0,(anonymous_4)
FNDA:0,(anonymous_5)
FNDA:0,(anonymous_6)
FNDA:0,(anonymous_7)
FNDA:0,(anonymous_8)
FNDA:0,(anonymous_9)
FNDA:0,(anonymous_10)
DA:10,1
DA:12,1
DA:14,1
DA:16,1
DA:18,1
DA:22,1
DA:23,1
DA:24,42
DA:27,1
DA:28,6
DA:29,6
DA:33,1
DA:34,1
DA:36,1
DA:38,51
DA:39,51
DA:45,0
DA:50,0
DA:54,0
DA:55,0
DA:56,0
DA:58,0
DA:62,0
DA:66,0
DA:70,0
DA:74,0
LF:26
LH:16
BRDA:55,0,0,0
BRF:1
BRH:0
end_of_record
TN:
SF:src\app\shared\services\message\message.service.ts
FN:15,(anonymous_0)
FN:22,(anonymous_1)
FN:26,(anonymous_2)
FN:30,(anonymous_3)
FN:34,(anonymous_4)
FNF:5
FNH:1
FNDA:5,(anonymous_0)
FNDA:0,(anonymous_1)
FNDA:0,(anonymous_2)
FNDA:0,(anonymous_3)
FNDA:0,(anonymous_4)
DA:7,1
DA:16,5
DA:17,5
DA:18,5
DA:19,5
DA:23,0
DA:27,0
DA:31,0
DA:36,0
LF:9
LH:5
BRF:0
BRH:0
end_of_record
TN:
SF:src\app\shared\services\origin-table-id\origin-table-id.service.ts
FN:8,auxGenerateForeignKeysTree
FN:13,(anonymous_1)
FN:26,(anonymous_2)
FN:36,generateLevelsTree
FN:39,(anonymous_4)
FN:42,(anonymous_5)
FN:61,(anonymous_6)
FN:66,(anonymous_7)
FN:70,(anonymous_8)
FN:76,(anonymous_9)
FN:84,(anonymous_10)
FN:90,(anonymous_11)
FNF:12
FNH:0
FNDA:0,auxGenerateForeignKeysTree
FNDA:0,(anonymous_1)
FNDA:0,(anonymous_2)
FNDA:0,generateLevelsTree
FNDA:0,(anonymous_4)
FNDA:0,(anonymous_5)
FNDA:0,(anonymous_6)
FNDA:0,(anonymous_7)
FNDA:0,(anonymous_8)
FNDA:0,(anonymous_9)
FNDA:0,(anonymous_10)
FNDA:0,(anonymous_11)
DA:12,0
DA:13,0
DA:14,0
DA:15,0
DA:16,0
DA:17,0
DA:18,0
DA:19,0
DA:22,0
DA:23,0
DA:26,0
DA:27,0
DA:28,0
DA:30,0
DA:31,0
DA:37,0
DA:38,0
DA:39,0
DA:40,0
DA:42,0
DA:43,0
DA:44,0
DA:51,1
DA:59,0
DA:61,0
DA:62,0
DA:63,0
DA:67,0
DA:71,0
DA:72,0
DA:73,0
DA:77,0
DA:78,0
DA:79,0
DA:80,0
DA:85,0
DA:86,0
DA:91,0
LF:38
LH:1
BRDA:17,0,0,0
BRDA:22,1,0,0
BRDA:30,2,0,0
BRDA:40,3,0,0
BRDA:78,4,0,0
BRF:5
BRH:0
end_of_record
TN:
SF:src\app\shared\services\selection-ids\selection-ids.service.ts
FN:17,(anonymous_0)
FN:24,(anonymous_1)
FN:30,(anonymous_2)
FN:38,(anonymous_3)
FN:45,(anonymous_4)
FN:49,(anonymous_5)
FN:53,(anonymous_6)
FN:57,(anonymous_7)
FN:62,(anonymous_8)
FN:64,(anonymous_9)
FN:68,(anonymous_10)
FN:71,(anonymous_11)
FN:73,(anonymous_12)
FN:85,(anonymous_13)
FN:89,(anonymous_14)
FN:94,(anonymous_15)
FNF:16
FNH:3
FNDA:1,(anonymous_0)
FNDA:0,(anonymous_1)
FNDA:0,(anonymous_2)
FNDA:1,(anonymous_3)
FNDA:1,(anonymous_4)
FNDA:0,(anonymous_5)
FNDA:0,(anonymous_6)
FNDA:0,(anonymous_7)
FNDA:0,(anonymous_8)
FNDA:0,(anonymous_9)
FNDA:0,(anonymous_10)
FNDA:0,(anonymous_11)
FNDA:0,(anonymous_12)
FNDA:0,(anonymous_13)
FNDA:0,(anonymous_14)
FNDA:0,(anonymous_15)
DA:8,1
DA:15,1
DA:18,1
DA:19,1
DA:21,1
DA:25,0
DA:26,0
DA:27,0
DA:31,0
DA:32,0
DA:33,0
DA:34,0
DA:39,1
DA:40,0
DA:42,1
DA:46,1
DA:50,0
DA:54,0
DA:58,0
DA:59,0
DA:63,0
DA:64,0
DA:65,0
DA:69,0
DA:70,0
DA:71,0
DA:73,0
DA:74,0
DA:75,0
DA:76,0
DA:78,0
DA:82,0
DA:86,0
DA:90,0
DA:91,0
DA:95,0
DA:96,0
DA:97,0
DA:99,0
LF:39
LH:8
BRDA:32,0,0,0
BRDA:59,1,0,0
BRDA:59,1,1,0
BRDA:68,2,0,0
BRDA:70,3,0,0
BRDA:70,3,1,0
BRDA:75,4,0,0
BRDA:75,4,1,0
BRDA:91,5,0,0
BRDA:91,5,1,0
BRF:10
BRH:0
end_of_record
TN:
SF:src\app\shared\services\subscriptions-manager\subscriptions-manager.service.ts
FN:11,(anonymous_0)
FN:15,(anonymous_1)
FN:19,(anonymous_2)
FN:26,(anonymous_3)
FN:31,(anonymous_4)
FNF:5
FNH:3
FNDA:1,(anonymous_0)
FNDA:0,(anonymous_1)
FNDA:0,(anonymous_2)
FNDA:1,(anonymous_3)
FNDA:1,(anonymous_4)
DA:7,1
DA:12,1
DA:16,0
DA:20,0
DA:21,0
DA:22,0
DA:27,1
DA:28,0
DA:32,1
LF:9
LH:4
BRDA:21,0,0,0
BRF:1
BRH:0
end_of_record
TN:
SF:src\app\shared\services\user-info\user-info.service.ts
FN:16,(anonymous_0)
FN:20,(anonymous_1)
FN:23,(anonymous_2)
FN:32,(anonymous_3)
FN:37,(anonymous_4)
FNF:5
FNH:0
FNDA:0,(anonymous_0)
FNDA:0,(anonymous_1)
FNDA:0,(anonymous_2)
FNDA:0,(anonymous_3)
FNDA:0,(anonymous_4)
DA:10,1
DA:16,0
DA:18,0
DA:20,0
DA:22,0
DA:24,0
DA:25,0
DA:27,0
DA:32,0
DA:38,0
LF:10
LH:1
BRDA:24,0,0,0
BRDA:24,0,1,0
BRF:2
BRH:0
end_of_record
TN:
SF:src\app\tablas\alumno\alumno.component.ts
FN:31,(anonymous_0)
FN:33,(anonymous_1)
FN:35,(anonymous_2)
FNF:3
FNH:1
FNDA:1,(anonymous_0)
FNDA:0,(anonymous_1)
FNDA:0,(anonymous_2)
DA:8,1
DA:12,1
DA:13,1
DA:14,1
DA:15,1
DA:17,1
DA:18,1
DA:22,1
DA:23,1
DA:24,1
DA:25,1
DA:28,1
DA:29,1
DA:33,1
DA:37,0
LF:15
LH:14
BRF:0
BRH:0
end_of_record
TN:
SF:src\app\tablas\anotaciones\anotaciones.component.ts
FN:39,(anonymous_0)
FN:71,(anonymous_1)
FN:80,(anonymous_2)
FN:104,(anonymous_3)
FN:109,(anonymous_4)
FN:116,(anonymous_5)
FN:120,(anonymous_6)
FN:132,(anonymous_7)
FN:135,(anonymous_8)
FN:143,(anonymous_9)
FN:154,(anonymous_10)
FN:170,(anonymous_11)
FN:177,(anonymous_12)
FN:181,(anonymous_13)
FN:186,(anonymous_14)
FN:191,(anonymous_15)
FN:193,(anonymous_16)
FNF:17
FNH:0
FNDA:0,(anonymous_0)
FNDA:0,(anonymous_1)
FNDA:0,(anonymous_2)
FNDA:0,(anonymous_3)
FNDA:0,(anonymous_4)
FNDA:0,(anonymous_5)
FNDA:0,(anonymous_6)
FNDA:0,(anonymous_7)
FNDA:0,(anonymous_8)
FNDA:0,(anonymous_9)
FNDA:0,(anonymous_10)
FNDA:0,(anonymous_11)
FNDA:0,(anonymous_12)
FNDA:0,(anonymous_13)
FNDA:0,(anonymous_14)
FNDA:0,(anonymous_15)
FNDA:0,(anonymous_16)
DA:21,1
DA:23,0
DA:24,0
DA:25,0
DA:27,0
DA:28,0
DA:30,0
DA:31,0
DA:33,0
DA:34,0
DA:36,0
DA:40,0
DA:43,0
DA:44,0
DA:45,0
DA:49,0
DA:57,0
DA:63,0
DA:69,0
DA:72,0
DA:74,0
DA:75,0
DA:76,0
DA:77,0
DA:78,0
DA:80,0
DA:83,0
DA:84,0
DA:85,0
DA:86,0
DA:87,0
DA:89,0
DA:90,0
DA:91,0
DA:92,0
DA:93,0
DA:95,0
DA:96,0
DA:97,0
DA:98,0
DA:99,0
DA:106,0
DA:107,0
DA:108,0
DA:109,0
DA:110,0
DA:111,0
DA:112,0
DA:117,0
DA:121,0
DA:122,0
DA:123,0
DA:124,0
DA:125,0
DA:128,0
DA:129,0
DA:131,0
DA:133,0
DA:135,0
DA:136,0
DA:137,0
DA:139,0
DA:145,0
DA:146,0
DA:147,0
DA:148,0
DA:149,0
DA:150,0
DA:154,0
DA:159,0
DA:160,0
DA:161,0
DA:169,0
DA:170,0
DA:173,0
DA:183,0
DA:187,0
DA:188,0
DA:192,0
DA:193,0
DA:195,0
LF:81
LH:1
BRDA:83,0,0,0
BRDA:83,0,1,0
BRDA:89,1,0,0
BRDA:89,1,1,0
BRDA:95,2,0,0
BRDA:120,3,0,0
BRDA:121,4,0,0
BRDA:121,5,0,0
BRDA:121,5,1,0
BRDA:123,6,0,0
BRDA:143,7,0,0
BRDA:145,8,0,0
BRDA:155,9,0,0
BRDA:155,9,1,0
BRDA:191,10,0,0
BRDA:192,11,0,0
BRDA:192,11,1,0
BRF:17
BRH:0
end_of_record
TN:
SF:src\app\tablas\apoderado\apoderado.component.ts
FN:31,(anonymous_0)
FN:33,(anonymous_1)
FN:35,(anonymous_2)
FNF:3
FNH:1
FNDA:1,(anonymous_0)
FNDA:0,(anonymous_1)
FNDA:0,(anonymous_2)
DA:8,1
DA:12,1
DA:13,1
DA:14,1
DA:15,1
DA:17,1
DA:18,1
DA:22,1
DA:23,1
DA:24,1
DA:25,1
DA:28,1
DA:29,1
DA:33,1
DA:37,0
LF:15
LH:14
BRF:0
BRH:0
end_of_record
TN:
SF:src\app\tablas\asignatura\asignatura.component.ts
FN:26,(anonymous_0)
FN:28,(anonymous_1)
FN:30,(anonymous_2)
FNF:3
FNH:1
FNDA:1,(anonymous_0)
FNDA:0,(anonymous_1)
FNDA:0,(anonymous_2)
DA:8,1
DA:11,1
DA:12,1
DA:13,1
DA:14,1
DA:16,1
DA:17,1
DA:21,1
DA:22,1
DA:23,1
DA:24,1
DA:28,1
DA:32,0
LF:13
LH:12
BRF:0
BRH:0
end_of_record
TN:
SF:src\app\tablas\asignatura-profesor\asignatura-profesor.component.ts
FN:28,(anonymous_0)
FN:30,(anonymous_1)
FN:32,(anonymous_2)
FNF:3
FNH:1
FNDA:1,(anonymous_0)
FNDA:0,(anonymous_1)
FNDA:0,(anonymous_2)
DA:9,1
DA:13,1
DA:14,1
DA:15,1
DA:16,1
DA:18,1
DA:19,1
DA:23,1
DA:24,1
DA:25,1
DA:26,1
DA:30,1
DA:33,0
LF:13
LH:12
BRF:0
BRH:0
end_of_record
TN:
SF:src\app\tablas\asistencia\asistencia.component.ts
FN:11,dobuleZeroPad
FN:36,(anonymous_1)
FN:59,(anonymous_2)
FN:66,(anonymous_3)
FN:86,(anonymous_4)
FN:95,(anonymous_5)
FN:97,(anonymous_6)
FN:110,(anonymous_7)
FNF:8
FNH:0
FNDA:0,dobuleZeroPad
FNDA:0,(anonymous_1)
FNDA:0,(anonymous_2)
FNDA:0,(anonymous_3)
FNDA:0,(anonymous_4)
FNDA:0,(anonymous_5)
FNDA:0,(anonymous_6)
FNDA:0,(anonymous_7)
DA:8,1
DA:9,1
DA:12,0
DA:13,0
DA:15,0
DA:24,1
DA:25,0
DA:30,0
DA:31,0
DA:33,0
DA:37,0
DA:41,0
DA:42,0
DA:43,0
DA:44,0
DA:45,0
DA:46,0
DA:47,0
DA:48,0
DA:49,0
DA:50,0
DA:53,0
DA:55,0
DA:57,0
DA:60,0
DA:62,0
DA:63,0
DA:66,0
DA:69,0
DA:70,0
DA:71,0
DA:73,0
DA:74,0
DA:75,0
DA:77,0
DA:78,0
DA:79,0
DA:87,0
DA:98,0
DA:99,0
DA:100,0
DA:101,0
DA:102,0
DA:103,0
DA:110,0
DA:111,0
LF:46
LH:3
BRDA:12,0,0,0
BRDA:12,0,1,0
BRDA:69,1,0,0
BRDA:73,2,0,0
BRDA:77,3,0,0
BRF:5
BRH:0
end_of_record
TN:
SF:src\app\tablas\asistente-colegio\asistente-colegio.component.ts
FN:31,(anonymous_0)
FN:33,(anonymous_1)
FN:35,(anonymous_2)
FNF:3
FNH:1
FNDA:1,(anonymous_0)
FNDA:0,(anonymous_1)
FNDA:0,(anonymous_2)
DA:8,1
DA:12,1
DA:13,1
DA:14,1
DA:15,1
DA:17,1
DA:18,1
DA:22,1
DA:23,1
DA:24,1
DA:25,1
DA:28,1
DA:29,1
DA:33,1
DA:36,0
LF:15
LH:14
BRF:0
BRH:0
end_of_record
TN:
SF:src\app\tablas\cabecera\cabecera.component.ts
FN:19,(anonymous_0)
FN:24,(anonymous_1)
FN:25,(anonymous_2)
FN:47,(anonymous_3)
FNF:4
FNH:0
FNDA:0,(anonymous_0)
FNDA:0,(anonymous_1)
FNDA:0,(anonymous_2)
FNDA:0,(anonymous_3)
DA:12,1
DA:16,0
DA:17,0
DA:20,0
DA:21,0
DA:22,0
DA:24,0
DA:25,0
DA:26,0
DA:27,0
DA:28,0
DA:29,0
DA:31,0
DA:38,0
DA:39,0
DA:40,0
DA:47,0
DA:48,0
DA:49,0
DA:50,0
DA:52,0
DA:53,0
DA:54,0
DA:57,0
DA:58,0
DA:59,0
LF:26
LH:1
BRDA:24,0,0,0
BRDA:24,0,1,0
BRDA:26,1,0,0
BRDA:26,1,1,0
BRDA:29,2,0,0
BRDA:29,2,1,0
BRDA:39,3,0,0
BRDA:39,3,1,0
BRDA:48,4,0,0
BRDA:48,4,1,0
BRDA:52,5,0,0
BRDA:52,5,1,0
BRDA:57,6,0,0
BRF:13
BRH:0
end_of_record
TN:
SF:src\app\tablas\colegio\colegio.component.ts
FN:28,(anonymous_0)
FN:30,(anonymous_1)
FN:32,(anonymous_2)
FNF:3
FNH:1
FNDA:1,(anonymous_0)
FNDA:0,(anonymous_1)
FNDA:0,(anonymous_2)
DA:9,1
DA:13,1
DA:14,1
DA:15,1
DA:16,1
DA:18,1
DA:19,1
DA:23,1
DA:24,1
DA:25,1
DA:26,1
DA:30,1
DA:33,0
LF:13
LH:12
BRF:0
BRH:0
end_of_record
TN:
SF:src\app\tablas\control-asignatura\control-asignatura.component.ts
FN:35,(anonymous_0)
FN:106,(anonymous_1)
FN:111,(anonymous_2)
FN:116,(anonymous_3)
FN:118,(anonymous_4)
FN:124,(anonymous_5)
FN:135,(anonymous_6)
FN:162,(anonymous_7)
FN:176,(anonymous_8)
FN:177,(anonymous_9)
FN:178,(anonymous_10)
FN:179,(anonymous_11)
FN:182,(anonymous_12)
FN:207,(anonymous_13)
FN:215,(anonymous_14)
FN:217,(anonymous_15)
FN:220,(anonymous_16)
FN:225,(anonymous_17)
FN:234,(anonymous_18)
FN:252,(anonymous_19)
FN:257,(anonymous_20)
FN:261,(anonymous_21)
FN:265,(anonymous_22)
FN:269,(anonymous_23)
FN:274,(anonymous_24)
FN:278,(anonymous_25)
FN:282,(anonymous_26)
FN:289,(anonymous_27)
FN:300,(anonymous_28)
FN:305,(anonymous_29)
FN:309,(anonymous_30)
FN:316,(anonymous_31)
FN:337,(anonymous_32)
FN:358,(anonymous_33)
FN:369,(anonymous_34)
FN:376,(anonymous_35)
FN:385,(anonymous_36)
FN:396,(anonymous_37)
FN:397,(anonymous_38)
FN:415,(anonymous_39)
FN:422,(anonymous_40)
FN:428,(anonymous_41)
FN:434,(anonymous_42)
FN:439,(anonymous_43)
FN:452,(anonymous_44)
FN:457,(anonymous_45)
FN:474,(anonymous_46)
FN:485,(anonymous_47)
FN:497,(anonymous_48)
FNF:49
FNH:0
FNDA:0,(anonymous_0)
FNDA:0,(anonymous_1)
FNDA:0,(anonymous_2)
FNDA:0,(anonymous_3)
FNDA:0,(anonymous_4)
FNDA:0,(anonymous_5)
FNDA:0,(anonymous_6)
FNDA:0,(anonymous_7)
FNDA:0,(anonymous_8)
FNDA:0,(anonymous_9)
FNDA:0,(anonymous_10)
FNDA:0,(anonymous_11)
FNDA:0,(anonymous_12)
FNDA:0,(anonymous_13)
FNDA:0,(anonymous_14)
FNDA:0,(anonymous_15)
FNDA:0,(anonymous_16)
FNDA:0,(anonymous_17)
FNDA:0,(anonymous_18)
FNDA:0,(anonymous_19)
FNDA:0,(anonymous_20)
FNDA:0,(anonymous_21)
FNDA:0,(anonymous_22)
FNDA:0,(anonymous_23)
FNDA:0,(anonymous_24)
FNDA:0,(anonymous_25)
FNDA:0,(anonymous_26)
FNDA:0,(anonymous_27)
FNDA:0,(anonymous_28)
FNDA:0,(anonymous_29)
FNDA:0,(anonymous_30)
FNDA:0,(anonymous_31)
FNDA:0,(anonymous_32)
FNDA:0,(anonymous_33)
FNDA:0,(anonymous_34)
FNDA:0,(anonymous_35)
FNDA:0,(anonymous_36)
FNDA:0,(anonymous_37)
FNDA:0,(anonymous_38)
FNDA:0,(anonymous_39)
FNDA:0,(anonymous_40)
FNDA:0,(anonymous_41)
FNDA:0,(anonymous_42)
FNDA:0,(anonymous_43)
FNDA:0,(anonymous_44)
FNDA:0,(anonymous_45)
FNDA:0,(anonymous_46)
FNDA:0,(anonymous_47)
FNDA:0,(anonymous_48)
DA:19,1
DA:26,1
DA:28,0
DA:29,0
DA:30,0
DA:32,0
DA:36,0
DA:43,0
DA:44,0
DA:46,0
DA:47,0
DA:48,0
DA:49,0
DA:51,0
DA:53,0
DA:55,0
DA:58,0
DA:59,0
DA:74,0
DA:76,0
DA:79,0
DA:80,0
DA:81,0
DA:82,0
DA:86,0
DA:92,0
DA:98,0
DA:104,0
DA:108,0
DA:112,0
DA:113,0
DA:117,0
DA:118,0
DA:120,0
DA:126,0
DA:127,0
DA:128,0
DA:129,0
DA:130,0
DA:131,0
DA:132,0
DA:133,0
DA:135,0
DA:137,0
DA:138,0
DA:139,0
DA:140,0
DA:142,0
DA:143,0
DA:144,0
DA:145,0
DA:147,0
DA:148,0
DA:149,0
DA:150,0
DA:155,0
DA:156,0
DA:157,0
DA:158,0
DA:164,0
DA:165,0
DA:166,0
DA:167,0
DA:170,0
DA:171,0
DA:173,0
DA:175,0
DA:176,0
DA:177,0
DA:178,0
DA:179,0
DA:180,0
DA:181,0
DA:182,0
DA:184,0
DA:186,0
DA:188,0
DA:190,0
DA:191,0
DA:193,0
DA:194,0
DA:195,0
DA:196,0
DA:197,0
DA:198,0
DA:199,0
DA:200,0
DA:201,0
DA:202,0
DA:203,0
DA:204,0
DA:205,0
DA:207,0
DA:208,0
DA:209,0
DA:210,0
DA:216,0
DA:217,0
DA:221,0
DA:222,0
DA:226,0
DA:227,0
DA:228,0
DA:229,0
DA:230,0
DA:231,0
DA:235,0
DA:236,0
DA:237,0
DA:238,0
DA:240,0
DA:241,0
DA:245,0
DA:246,0
DA:247,0
DA:249,0
DA:253,0
DA:254,0
DA:262,0
DA:266,0
DA:271,0
DA:275,0
DA:279,0
DA:283,0
DA:284,0
DA:285,0
DA:290,0
DA:291,0
DA:292,0
DA:293,0
DA:294,0
DA:295,0
DA:302,0
DA:306,0
DA:307,0
DA:308,0
DA:309,0
DA:310,0
DA:312,0
DA:313,0
DA:317,0
DA:318,0
DA:319,0
DA:322,0
DA:323,0
DA:326,0
DA:338,0
DA:339,0
DA:342,0
DA:345,0
DA:348,0
DA:350,0
DA:353,0
DA:359,0
DA:360,0
DA:361,0
DA:362,0
DA:363,0
DA:364,0
DA:365,0
DA:366,0
DA:367,0
DA:369,0
DA:370,0
DA:371,0
DA:372,0
DA:378,0
DA:379,0
DA:380,0
DA:381,0
DA:386,0
DA:387,0
DA:388,0
DA:389,0
DA:391,0
DA:393,0
DA:394,0
DA:395,0
DA:396,0
DA:397,0
DA:398,0
DA:399,0
DA:400,0
DA:403,0
DA:404,0
DA:405,0
DA:406,0
DA:407,0
DA:408,0
DA:409,0
DA:410,0
DA:416,0
DA:417,0
DA:418,0
DA:423,0
DA:425,0
DA:426,0
DA:427,0
DA:428,0
DA:429,0
DA:433,0
DA:434,0
DA:435,0
DA:439,0
DA:440,0
DA:443,0
DA:444,0
DA:445,0
DA:448,0
DA:449,0
DA:450,0
DA:453,0
DA:454,0
DA:455,0
DA:456,0
DA:457,0
DA:458,0
DA:460,0
DA:464,0
DA:468,0
DA:475,0
DA:476,0
DA:477,0
DA:478,0
DA:479,0
DA:481,0
DA:482,0
DA:486,0
DA:487,0
DA:488,0
DA:489,0
DA:490,0
DA:491,0
DA:492,0
DA:494,0
DA:498,0
DA:499,0
DA:500,0
LF:238
LH:2
BRDA:116,0,0,0
BRDA:117,1,0,0
BRDA:117,1,1,0
BRDA:137,2,0,0
BRDA:137,2,1,0
BRDA:142,3,0,0
BRDA:142,3,1,0
BRDA:147,4,0,0
BRDA:242,5,0,0
BRDA:242,5,1,0
BRDA:242,5,2,0
BRDA:246,6,0,0
BRDA:284,7,0,0
BRDA:289,8,0,0
BRDA:292,9,0,0
BRDA:292,10,0,0
BRDA:292,10,1,0
BRDA:293,11,0,0
BRDA:293,11,1,0
BRDA:323,12,0,0
BRDA:323,12,1,0
BRDA:338,13,0,0
BRDA:388,14,0,0
BRDA:389,15,0,0
BRDA:389,15,1,0
BRDA:398,16,0,0
BRDA:403,17,0,0
BRDA:403,17,1,0
BRDA:405,18,0,0
BRDA:406,19,0,0
BRDA:422,20,0,0
BRDA:425,21,0,0
BRDA:425,21,1,0
BRDA:427,22,0,0
BRDA:429,23,0,0
BRDA:433,24,0,0
BRDA:435,25,0,0
BRDA:444,26,0,0
BRDA:449,27,0,0
BRDA:449,27,1,0
BRDA:453,28,0,0
BRDA:453,28,1,0
BRDA:453,29,0,0
BRDA:453,29,1,0
BRDA:479,30,0,0
BRDA:488,31,0,0
BRDA:488,31,1,0
BRDA:488,31,2,0
BRDA:488,31,3,0
BRDA:490,32,0,0
BRF:50
BRH:0
end_of_record
TN:
SF:src\app\tablas\curso\curso.component.ts
FN:27,(anonymous_0)
FN:29,(anonymous_1)
FN:31,(anonymous_2)
FNF:3
FNH:1
FNDA:1,(anonymous_0)
FNDA:0,(anonymous_1)
FNDA:0,(anonymous_2)
DA:8,1
DA:12,1
DA:13,1
DA:14,1
DA:15,1
DA:17,1
DA:22,1
DA:23,1
DA:24,1
DA:25,1
DA:29,1
DA:33,0
LF:12
LH:11
BRF:0
BRH:0
end_of_record
TN:
SF:src\app\tablas\estado-alumno\estado-alumno.component.ts
FN:27,(anonymous_0)
FN:29,(anonymous_1)
FN:31,(anonymous_2)
FNF:3
FNH:1
FNDA:1,(anonymous_0)
FNDA:0,(anonymous_1)
FNDA:0,(anonymous_2)
DA:8,1
DA:12,1
DA:13,1
DA:14,1
DA:15,1
DA:17,1
DA:18,1
DA:22,1
DA:23,1
DA:24,1
DA:25,1
DA:29,1
DA:32,0
LF:13
LH:12
BRF:0
BRH:0
end_of_record
TN:
SF:src\app\tablas\evaluacion\evaluacion.component.ts
FN:28,(anonymous_0)
FN:30,(anonymous_1)
FN:32,(anonymous_2)
FNF:3
FNH:1
FNDA:1,(anonymous_0)
FNDA:0,(anonymous_1)
FNDA:0,(anonymous_2)
DA:9,1
DA:13,1
DA:14,1
DA:15,1
DA:16,1
DA:18,1
DA:23,1
DA:24,1
DA:25,1
DA:26,1
DA:30,1
DA:34,0
LF:12
LH:11
BRF:0
BRH:0
end_of_record
TN:
SF:src\app\tablas\ficha-alumno\ficha-alumno.component.ts
FN:48,(anonymous_0)
FN:60,(anonymous_1)
FN:62,(anonymous_2)
FN:70,(anonymous_3)
FN:74,(anonymous_4)
FN:102,(anonymous_5)
FN:104,(anonymous_6)
FN:107,(anonymous_7)
FN:109,(anonymous_8)
FN:114,(anonymous_9)
FN:115,(anonymous_10)
FN:116,(anonymous_11)
FN:118,(anonymous_12)
FN:123,(anonymous_13)
FN:128,(anonymous_14)
FN:147,(anonymous_15)
FN:151,(anonymous_16)
FNF:17
FNH:0
FNDA:0,(anonymous_0)
FNDA:0,(anonymous_1)
FNDA:0,(anonymous_2)
FNDA:0,(anonymous_3)
FNDA:0,(anonymous_4)
FNDA:0,(anonymous_5)
FNDA:0,(anonymous_6)
FNDA:0,(anonymous_7)
FNDA:0,(anonymous_8)
FNDA:0,(anonymous_9)
FNDA:0,(anonymous_10)
FNDA:0,(anonymous_11)
FNDA:0,(anonymous_12)
FNDA:0,(anonymous_13)
FNDA:0,(anonymous_14)
FNDA:0,(anonymous_15)
FNDA:0,(anonymous_16)
DA:16,1
DA:18,0
DA:19,0
DA:21,0
DA:23,0
DA:24,0
DA:25,0
DA:31,0
DA:32,0
DA:33,0
DA:35,0
DA:36,0
DA:45,0
DA:49,0
DA:54,0
DA:55,0
DA:56,0
DA:57,0
DA:58,0
DA:60,0
DA:63,0
DA:64,0
DA:65,0
DA:66,0
DA:67,0
DA:70,0
DA:72,0
DA:77,0
DA:78,0
DA:79,0
DA:80,0
DA:82,0
DA:83,0
DA:84,0
DA:85,0
DA:88,0
DA:89,0
DA:90,0
DA:91,0
DA:103,0
DA:105,0
DA:106,0
DA:107,0
DA:108,0
DA:109,0
DA:114,0
DA:115,0
DA:116,0
DA:120,0
DA:125,0
DA:130,0
DA:136,0
DA:138,0
DA:139,0
DA:140,0
DA:150,0
DA:151,0
LF:57
LH:1
BRDA:77,0,0,0
BRDA:82,1,0,0
BRDA:88,2,0,0
BRDA:114,3,0,0
BRDA:115,4,0,0
BRDA:116,5,0,0
BRDA:128,6,0,0
BRDA:138,7,0,0
BRDA:138,8,0,0
BRDA:138,8,1,0
BRDA:139,9,0,0
BRF:11
BRH:0
end_of_record
TN:
SF:src\app\tablas\home\datatexto.ts
FNF:0
FNH:0
DA:3,1
DA:6,1
DA:15,1
DA:43,1
LF:4
LH:4
BRF:0
BRH:0
end_of_record
TN:
SF:src\app\tablas\home\home.component.ts
FN:35,(anonymous_0)
FN:39,(anonymous_1)
FN:54,(anonymous_2)
FN:59,(anonymous_3)
FNF:4
FNH:0
FNDA:0,(anonymous_0)
FNDA:0,(anonymous_1)
FNDA:0,(anonymous_2)
FNDA:0,(anonymous_3)
DA:12,1
DA:14,0
DA:15,0
DA:16,0
DA:18,0
DA:20,0
DA:21,0
DA:22,0
DA:23,0
DA:25,0
DA:26,0
DA:29,0
DA:31,0
DA:36,0
DA:39,0
DA:54,0
DA:56,0
DA:59,0
DA:60,0
DA:61,0
DA:62,0
LF:21
LH:1
BRDA:60,0,0,0
BRDA:60,0,1,0
BRDA:61,1,0,0
BRDA:61,1,1,0
BRDA:62,2,0,0
BRF:5
BRH:0
end_of_record
TN:
SF:src\app\tablas\hora-asignada\hora-asignada.component.ts
FN:26,(anonymous_0)
FN:28,(anonymous_1)
FN:30,(anonymous_2)
FNF:3
FNH:1
FNDA:1,(anonymous_0)
FNDA:0,(anonymous_1)
FNDA:0,(anonymous_2)
DA:9,1
DA:11,1
DA:12,1
DA:13,1
DA:14,1
DA:16,1
DA:17,1
DA:21,1
DA:22,1
DA:23,1
DA:24,1
DA:28,1
DA:31,0
LF:13
LH:12
BRF:0
BRH:0
end_of_record
TN:
SF:src\app\tablas\horario\horario.component.ts
FN:41,(anonymous_0)
FN:118,(anonymous_1)
FN:131,(anonymous_2)
FN:152,(anonymous_3)
FN:154,(anonymous_4)
FN:158,(anonymous_5)
FN:163,(anonymous_6)
FN:170,(anonymous_7)
FN:179,(anonymous_8)
FN:182,(anonymous_9)
FN:184,(anonymous_10)
FN:196,(anonymous_11)
FN:201,(anonymous_12)
FN:203,(anonymous_13)
FN:205,(anonymous_14)
FN:210,(anonymous_15)
FN:216,(anonymous_16)
FN:224,(anonymous_17)
FN:227,(anonymous_18)
FN:233,(anonymous_19)
FN:241,(anonymous_20)
FN:245,(anonymous_21)
FN:251,(anonymous_22)
FN:266,(anonymous_23)
FN:288,(anonymous_24)
FN:291,(anonymous_25)
FN:291,(anonymous_26)
FN:292,(anonymous_27)
FN:294,(anonymous_28)
FN:299,(anonymous_29)
FN:304,(anonymous_30)
FN:311,(anonymous_31)
FN:339,(anonymous_32)
FNF:33
FNH:0
FNDA:0,(anonymous_0)
FNDA:0,(anonymous_1)
FNDA:0,(anonymous_2)
FNDA:0,(anonymous_3)
FNDA:0,(anonymous_4)
FNDA:0,(anonymous_5)
FNDA:0,(anonymous_6)
FNDA:0,(anonymous_7)
FNDA:0,(anonymous_8)
FNDA:0,(anonymous_9)
FNDA:0,(anonymous_10)
FNDA:0,(anonymous_11)
FNDA:0,(anonymous_12)
FNDA:0,(anonymous_13)
FNDA:0,(anonymous_14)
FNDA:0,(anonymous_15)
FNDA:0,(anonymous_16)
FNDA:0,(anonymous_17)
FNDA:0,(anonymous_18)
FNDA:0,(anonymous_19)
FNDA:0,(anonymous_20)
FNDA:0,(anonymous_21)
FNDA:0,(anonymous_22)
FNDA:0,(anonymous_23)
FNDA:0,(anonymous_24)
FNDA:0,(anonymous_25)
FNDA:0,(anonymous_26)
FNDA:0,(anonymous_27)
FNDA:0,(anonymous_28)
FNDA:0,(anonymous_29)
FNDA:0,(anonymous_30)
FNDA:0,(anonymous_31)
FNDA:0,(anonymous_32)
DA:24,1
DA:26,0
DA:27,0
DA:29,0
DA:30,0
DA:31,0
DA:32,0
DA:33,0
DA:35,0
DA:36,0
DA:38,0
DA:42,0
DA:45,0
DA:46,0
DA:50,0
DA:51,0
DA:55,0
DA:61,0
DA:62,0
DA:66,0
DA:67,0
DA:68,0
DA:69,0
DA:74,0
DA:75,0
DA:76,0
DA:77,0
DA:81,0
DA:82,0
DA:86,0
DA:88,0
DA:91,0
DA:93,0
DA:95,0
DA:96,0
DA:103,0
DA:105,0
DA:107,0
DA:112,0
DA:118,0
DA:123,0
DA:124,0
DA:125,0
DA:126,0
DA:127,0
DA:131,0
DA:134,0
DA:135,0
DA:136,0
DA:137,0
DA:139,0
DA:140,0
DA:141,0
DA:142,0
DA:144,0
DA:145,0
DA:146,0
DA:147,0
DA:152,0
DA:153,0
DA:154,0
DA:160,0
DA:166,0
DA:171,0
DA:172,0
DA:173,0
DA:174,0
DA:175,0
DA:176,0
DA:177,0
DA:179,0
DA:181,0
DA:182,0
DA:184,0
DA:185,0
DA:186,0
DA:187,0
DA:188,0
DA:189,0
DA:195,0
DA:196,0
DA:202,0
DA:203,0
DA:205,0
DA:209,0
DA:210,0
DA:219,0
DA:221,0
DA:222,0
DA:223,0
DA:224,0
DA:228,0
DA:234,0
DA:235,0
DA:236,0
DA:238,0
DA:242,0
DA:246,0
DA:247,0
DA:248,0
DA:251,0
DA:254,0
DA:255,0
DA:256,0
DA:258,0
DA:262,0
DA:268,0
DA:272,0
DA:273,0
DA:274,0
DA:275,0
DA:276,0
DA:279,0
DA:283,0
DA:284,0
DA:286,0
DA:288,0
DA:290,0
DA:291,0
DA:292,0
DA:294,0
DA:300,0
DA:308,0
DA:311,0
DA:313,0
DA:319,0
DA:320,0
DA:321,0
DA:323,0
DA:325,0
DA:326,0
DA:331,0
DA:333,0
DA:338,0
DA:340,0
DA:341,0
LF:136
LH:1
BRDA:134,0,0,0
BRDA:139,1,0,0
BRDA:144,2,0,0
BRDA:163,3,0,0
BRDA:166,4,0,0
BRDA:166,5,0,0
BRDA:166,5,1,0
BRDA:186,6,0,0
BRDA:255,7,0,0
BRDA:255,7,1,0
BRDA:272,8,0,0
BRDA:279,9,0,0
BRDA:284,10,0,0
BRDA:284,10,1,0
BRDA:308,11,0,0
BRDA:314,12,0,0
BRDA:314,12,1,0
BRDA:323,13,0,0
BRF:18
BRH:0
end_of_record
TN:
SF:src\app\tablas\horas-incritas\horas-incritas.component.ts
FN:28,(anonymous_0)
FN:30,(anonymous_1)
FN:32,(anonymous_2)
FNF:3
FNH:1
FNDA:1,(anonymous_0)
FNDA:0,(anonymous_1)
FNDA:0,(anonymous_2)
DA:9,1
DA:13,1
DA:14,1
DA:15,1
DA:16,1
DA:18,1
DA:19,1
DA:23,1
DA:24,1
DA:25,1
DA:26,1
DA:30,1
DA:33,0
LF:13
LH:12
BRF:0
BRH:0
end_of_record
TN:
SF:src\app\tablas\matricula\matricula.component.ts
FN:27,(anonymous_0)
FN:29,(anonymous_1)
FN:31,(anonymous_2)
FNF:3
FNH:1
FNDA:1,(anonymous_0)
FNDA:0,(anonymous_1)
FNDA:0,(anonymous_2)
DA:8,1
DA:12,1
DA:13,1
DA:14,1
DA:15,1
DA:17,1
DA:18,1
DA:22,1
DA:23,1
DA:24,1
DA:25,1
DA:29,1
DA:33,0
LF:13
LH:12
BRF:0
BRH:0
end_of_record
TN:
SF:src\app\tablas\matricula-alumno\matricula-alumno.component.ts
FN:43,(anonymous_0)
FN:48,(anonymous_1)
FN:54,(anonymous_2)
FN:60,(anonymous_3)
FN:94,(anonymous_4)
FN:100,(anonymous_5)
FN:109,(anonymous_6)
FN:113,(anonymous_7)
FN:116,(anonymous_8)
FN:120,(anonymous_9)
FN:123,(anonymous_10)
FNF:11
FNH:0
FNDA:0,(anonymous_0)
FNDA:0,(anonymous_1)
FNDA:0,(anonymous_2)
FNDA:0,(anonymous_3)
FNDA:0,(anonymous_4)
FNDA:0,(anonymous_5)
FNDA:0,(anonymous_6)
FNDA:0,(anonymous_7)
FNDA:0,(anonymous_8)
FNDA:0,(anonymous_9)
FNDA:0,(anonymous_10)
DA:15,1
DA:17,0
DA:25,0
DA:28,0
DA:35,0
DA:36,0
DA:38,0
DA:44,0
DA:50,0
DA:51,0
DA:52,0
DA:55,0
DA:56,0
DA:57,0
DA:58,0
DA:60,0
DA:63,0
DA:64,0
DA:65,0
DA:66,0
DA:67,0
DA:70,0
DA:71,0
DA:72,0
DA:73,0
DA:74,0
DA:77,0
DA:78,0
DA:79,0
DA:80,0
DA:81,0
DA:86,0
DA:95,0
DA:96,0
DA:97,0
DA:101,0
DA:102,0
DA:104,0
DA:115,0
DA:116,0
DA:122,0
DA:123,0
LF:42
LH:1
BRDA:63,0,0,0
BRDA:70,1,0,0
BRDA:77,2,0,0
BRF:3
BRH:0
end_of_record
TN:
SF:src\app\tablas\menu\menu.component.ts
FN:29,(anonymous_0)
FN:34,(anonymous_1)
FN:44,(anonymous_2)
FN:50,(anonymous_3)
FN:59,(anonymous_4)
FN:65,(anonymous_5)
FN:82,(anonymous_6)
FN:87,(anonymous_7)
FN:89,(anonymous_8)
FN:92,(anonymous_9)
FN:97,(anonymous_10)
FN:109,(anonymous_11)
FNF:12
FNH:0
FNDA:0,(anonymous_0)
FNDA:0,(anonymous_1)
FNDA:0,(anonymous_2)
FNDA:0,(anonymous_3)
FNDA:0,(anonymous_4)
FNDA:0,(anonymous_5)
FNDA:0,(anonymous_6)
FNDA:0,(anonymous_7)
FNDA:0,(anonymous_8)
FNDA:0,(anonymous_9)
FNDA:0,(anonymous_10)
FNDA:0,(anonymous_11)
DA:17,1
DA:19,0
DA:21,0
DA:24,0
DA:27,0
DA:30,0
DA:35,0
DA:36,0
DA:39,0
DA:41,0
DA:45,0
DA:48,0
DA:52,0
DA:53,0
DA:54,0
DA:55,0
DA:56,0
DA:57,0
DA:59,0
DA:60,0
DA:65,0
DA:66,0
DA:67,0
DA:68,0
DA:70,0
DA:71,0
DA:73,0
DA:74,0
DA:84,0
DA:87,0
DA:91,0
DA:92,0
DA:94,0
DA:96,0
DA:98,0
DA:99,0
DA:111,0
LF:37
LH:1
BRDA:35,0,0,0
BRDA:35,0,1,0
BRDA:59,1,0,0
BRDA:67,2,0,0
BRDA:67,2,1,0
BRDA:70,3,0,0
BRDA:70,3,1,0
BRDA:73,4,0,0
BRDA:91,5,0,0
BRDA:94,6,0,0
BRF:10
BRH:0
end_of_record
TN:
SF:src\app\tablas\nota\nota.component.ts
FN:105,(anonymous_0)
FN:109,(anonymous_1)
FN:121,(anonymous_2)
FN:144,(anonymous_3)
FN:158,(anonymous_4)
FN:165,(anonymous_5)
FN:167,(anonymous_6)
FN:178,(anonymous_7)
FN:184,(anonymous_8)
FN:188,(anonymous_9)
FN:194,(anonymous_10)
FN:207,(anonymous_11)
FN:212,(anonymous_12)
FN:217,(anonymous_13)
FN:219,(anonymous_14)
FN:221,(anonymous_15)
FN:222,(anonymous_16)
FN:226,(anonymous_17)
FN:235,(anonymous_18)
FN:242,(anonymous_19)
FN:243,(anonymous_20)
FN:250,(anonymous_21)
FN:252,(anonymous_22)
FN:276,(anonymous_23)
FN:277,(anonymous_24)
FN:284,(anonymous_25)
FN:287,(anonymous_26)
FN:287,(anonymous_27)
FN:312,(anonymous_28)
FN:314,(anonymous_29)
FN:318,(anonymous_30)
FN:326,(anonymous_31)
FN:344,(anonymous_32)
FN:349,(anonymous_33)
FN:364,(anonymous_34)
FN:366,(anonymous_35)
FN:373,(anonymous_36)
FN:383,(anonymous_37)
FN:404,(anonymous_38)
FN:421,(anonymous_39)
FN:437,(anonymous_40)
FN:439,(anonymous_41)
FN:462,(anonymous_42)
FN:464,(anonymous_43)
FN:465,(anonymous_44)
FN:483,(anonymous_45)
FNF:46
FNH:0
FNDA:0,(anonymous_0)
FNDA:0,(anonymous_1)
FNDA:0,(anonymous_2)
FNDA:0,(anonymous_3)
FNDA:0,(anonymous_4)
FNDA:0,(anonymous_5)
FNDA:0,(anonymous_6)
FNDA:0,(anonymous_7)
FNDA:0,(anonymous_8)
FNDA:0,(anonymous_9)
FNDA:0,(anonymous_10)
FNDA:0,(anonymous_11)
FNDA:0,(anonymous_12)
FNDA:0,(anonymous_13)
FNDA:0,(anonymous_14)
FNDA:0,(anonymous_15)
FNDA:0,(anonymous_16)
FNDA:0,(anonymous_17)
FNDA:0,(anonymous_18)
FNDA:0,(anonymous_19)
FNDA:0,(anonymous_20)
FNDA:0,(anonymous_21)
FNDA:0,(anonymous_22)
FNDA:0,(anonymous_23)
FNDA:0,(anonymous_24)
FNDA:0,(anonymous_25)
FNDA:0,(anonymous_26)
FNDA:0,(anonymous_27)
FNDA:0,(anonymous_28)
FNDA:0,(anonymous_29)
FNDA:0,(anonymous_30)
FNDA:0,(anonymous_31)
FNDA:0,(anonymous_32)
FNDA:0,(anonymous_33)
FNDA:0,(anonymous_34)
FNDA:0,(anonymous_35)
FNDA:0,(anonymous_36)
FNDA:0,(anonymous_37)
FNDA:0,(anonymous_38)
FNDA:0,(anonymous_39)
FNDA:0,(anonymous_40)
FNDA:0,(anonymous_41)
FNDA:0,(anonymous_42)
FNDA:0,(anonymous_43)
FNDA:0,(anonymous_44)
FNDA:0,(anonymous_45)
DA:22,1
DA:26,0
DA:30,0
DA:34,0
DA:36,0
DA:38,0
DA:39,0
DA:40,0
DA:42,0
DA:43,0
DA:44,0
DA:45,0
DA:47,0
DA:48,0
DA:50,0
DA:51,0
DA:52,0
DA:53,0
DA:62,0
DA:63,0
DA:64,0
DA:66,0
DA:71,0
DA:72,0
DA:73,0
DA:74,0
DA:75,0
DA:77,0
DA:78,0
DA:83,0
DA:90,0
DA:98,0
DA:99,0
DA:100,0
DA:102,0
DA:106,0
DA:109,0
DA:112,0
DA:113,0
DA:114,0
DA:115,0
DA:116,0
DA:117,0
DA:121,0
DA:124,0
DA:125,0
DA:126,0
DA:127,0
DA:129,0
DA:130,0
DA:131,0
DA:132,0
DA:134,0
DA:135,0
DA:136,0
DA:137,0
DA:142,0
DA:144,0
DA:146,0
DA:148,0
DA:149,0
DA:156,0
DA:161,0
DA:163,0
DA:164,0
DA:166,0
DA:167,0
DA:168,0
DA:169,0
DA:171,0
DA:173,0
DA:174,0
DA:178,0
DA:185,0
DA:189,0
DA:190,0
DA:195,0
DA:196,0
DA:197,0
DA:198,0
DA:199,0
DA:200,0
DA:202,0
DA:204,0
DA:208,0
DA:209,0
DA:214,0
DA:217,0
DA:221,0
DA:222,0
DA:223,0
DA:226,0
DA:227,0
DA:228,0
DA:230,0
DA:235,0
DA:237,0
DA:238,0
DA:240,0
DA:242,0
DA:243,0
DA:244,0
DA:246,0
DA:249,0
DA:251,0
DA:252,0
DA:253,0
DA:254,0
DA:263,0
DA:267,0
DA:269,0
DA:274,0
DA:277,0
DA:278,0
DA:279,0
DA:286,0
DA:287,0
DA:289,0
DA:290,0
DA:291,0
DA:292,0
DA:293,0
DA:312,0
DA:315,0
DA:319,0
DA:320,0
DA:321,0
DA:323,0
DA:328,0
DA:329,0
DA:336,0
DA:346,0
DA:348,0
DA:349,0
DA:366,0
DA:367,0
DA:368,0
DA:369,0
DA:370,0
DA:371,0
DA:372,0
DA:373,0
DA:385,0
DA:386,0
DA:388,0
DA:390,0
DA:391,0
DA:393,0
DA:406,0
DA:407,0
DA:409,0
DA:411,0
DA:413,0
DA:414,0
DA:423,0
DA:425,0
DA:426,0
DA:427,0
DA:428,0
DA:431,0
DA:432,0
DA:439,0
DA:441,0
DA:443,0
DA:444,0
DA:445,0
DA:446,0
DA:447,0
DA:448,0
DA:450,0
DA:456,0
DA:458,0
DA:459,0
DA:461,0
DA:462,0
DA:464,0
DA:465,0
DA:469,0
DA:470,0
DA:481,0
DA:483,0
LF:181
LH:1
BRDA:124,0,0,0
BRDA:124,0,1,0
BRDA:129,1,0,0
BRDA:129,1,1,0
BRDA:134,2,0,0
BRDA:146,3,0,0
BRDA:190,4,0,0
BRDA:190,4,1,0
BRDA:204,5,0,0
BRDA:204,5,1,0
BRDA:209,6,0,0
BRDA:209,6,1,0
BRDA:209,7,0,0
BRDA:209,7,1,0
BRDA:217,8,0,0
BRDA:217,8,1,0
BRDA:222,9,0,0
BRDA:222,9,1,0
BRDA:244,10,0,0
BRDA:244,10,1,0
BRDA:253,11,0,0
BRDA:291,12,0,0
BRDA:291,12,1,0
BRDA:326,13,0,0
BRDA:328,14,0,0
BRDA:328,15,0,0
BRDA:328,15,1,0
BRDA:329,16,0,0
BRDA:368,17,0,0
BRDA:368,18,0,0
BRDA:371,19,0,0
BRDA:388,20,0,0
BRDA:409,21,0,0
BRDA:413,22,0,0
BRDA:425,23,0,0
BRDA:425,23,1,0
BRDA:427,24,0,0
BRDA:427,24,1,0
BRDA:437,25,0,0
BRDA:458,26,0,0
BRDA:463,27,0,0
BRDA:463,27,1,0
BRF:42
BRH:0
end_of_record
TN:
SF:src\app\tablas\profesor\profesor.component.ts
FN:27,(anonymous_0)
FN:29,(anonymous_1)
FN:31,(anonymous_2)
FNF:3
FNH:1
FNDA:1,(anonymous_0)
FNDA:0,(anonymous_1)
FNDA:0,(anonymous_2)
DA:8,1
DA:12,1
DA:13,1
DA:14,1
DA:15,1
DA:17,1
DA:18,1
DA:22,1
DA:23,1
DA:24,1
DA:25,1
DA:29,1
DA:33,0
LF:13
LH:12
BRF:0
BRH:0
end_of_record
TN:
SF:src\app\tablas\registro-actividad\registro-actividad.component.ts
FN:40,(anonymous_0)
FN:91,(anonymous_1)
FN:101,(anonymous_2)
FN:124,(anonymous_3)
FN:134,(anonymous_4)
FN:147,(anonymous_5)
FN:151,(anonymous_6)
FN:164,(anonymous_7)
FN:183,(anonymous_8)
FN:185,(anonymous_9)
FN:200,(anonymous_10)
FN:209,(anonymous_11)
FN:214,(anonymous_12)
FN:221,(anonymous_13)
FN:227,(anonymous_14)
FN:235,(anonymous_15)
FN:242,(anonymous_16)
FN:256,(anonymous_17)
FN:258,(anonymous_18)
FN:268,(anonymous_19)
FN:273,(anonymous_20)
FN:275,(anonymous_21)
FNF:22
FNH:0
FNDA:0,(anonymous_0)
FNDA:0,(anonymous_1)
FNDA:0,(anonymous_2)
FNDA:0,(anonymous_3)
FNDA:0,(anonymous_4)
FNDA:0,(anonymous_5)
FNDA:0,(anonymous_6)
FNDA:0,(anonymous_7)
FNDA:0,(anonymous_8)
FNDA:0,(anonymous_9)
FNDA:0,(anonymous_10)
FNDA:0,(anonymous_11)
FNDA:0,(anonymous_12)
FNDA:0,(anonymous_13)
FNDA:0,(anonymous_14)
FNDA:0,(anonymous_15)
FNDA:0,(anonymous_16)
FNDA:0,(anonymous_17)
FNDA:0,(anonymous_18)
FNDA:0,(anonymous_19)
FNDA:0,(anonymous_20)
FNDA:0,(anonymous_21)
DA:21,1
DA:25,0
DA:31,0
DA:32,0
DA:33,0
DA:35,0
DA:41,0
DA:44,0
DA:45,0
DA:46,0
DA:47,0
DA:48,0
DA:49,0
DA:50,0
DA:57,0
DA:64,0
DA:66,0
DA:67,0
DA:75,0
DA:77,0
DA:83,0
DA:89,0
DA:92,0
DA:93,0
DA:94,0
DA:95,0
DA:96,0
DA:97,0
DA:98,0
DA:101,0
DA:104,0
DA:105,0
DA:106,0
DA:107,0
DA:109,0
DA:110,0
DA:111,0
DA:112,0
DA:114,0
DA:115,0
DA:116,0
DA:117,0
DA:125,0
DA:126,0
DA:127,0
DA:128,0
DA:129,0
DA:130,0
DA:131,0
DA:132,0
DA:135,0
DA:137,0
DA:138,0
DA:139,0
DA:148,0
DA:152,0
DA:153,0
DA:154,0
DA:156,0
DA:157,0
DA:160,0
DA:162,0
DA:165,0
DA:166,0
DA:168,0
DA:169,0
DA:170,0
DA:171,0
DA:172,0
DA:173,0
DA:174,0
DA:175,0
DA:179,0
DA:186,0
DA:187,0
DA:188,0
DA:189,0
DA:190,0
DA:191,0
DA:192,0
DA:201,0
DA:203,0
DA:211,0
DA:215,0
DA:216,0
DA:217,0
DA:222,0
DA:223,0
DA:224,0
DA:228,0
DA:229,0
DA:230,0
DA:231,0
DA:232,0
DA:236,0
DA:240,0
DA:243,0
DA:244,0
DA:245,0
DA:246,0
DA:248,0
DA:252,0
DA:257,0
DA:258,0
DA:259,0
DA:260,0
DA:263,0
DA:264,0
DA:269,0
DA:270,0
DA:274,0
DA:275,0
DA:277,0
LF:113
LH:1
BRDA:104,0,0,0
BRDA:109,1,0,0
BRDA:114,2,0,0
BRDA:151,3,0,0
BRDA:152,4,0,0
BRDA:152,5,0,0
BRDA:152,5,1,0
BRDA:154,6,0,0
BRDA:165,7,0,0
BRDA:165,7,1,0
BRDA:216,8,0,0
BRDA:243,9,0,0
BRDA:243,9,1,0
BRDA:243,10,0,0
BRDA:243,10,1,0
BRDA:256,11,0,0
BRDA:257,12,0,0
BRDA:257,12,1,0
BRDA:259,13,0,0
BRDA:263,14,0,0
BRDA:273,15,0,0
BRDA:274,16,0,0
BRDA:274,16,1,0
BRF:23
BRH:0
end_of_record
TN:
SF:src\app\tablas\registro-usuario\registro-usuario.component.ts
FN:51,(anonymous_0)
FN:55,(anonymous_1)
FN:59,(anonymous_2)
FN:92,(anonymous_3)
FN:97,(anonymous_4)
FN:103,(anonymous_5)
FN:125,(anonymous_6)
FN:130,(anonymous_7)
FN:63,(anonymous_8)
FN:67,(anonymous_9)
FN:69,(anonymous_10)
FN:75,(anonymous_11)
FN:138,(anonymous_12)
FN:172,(anonymous_13)
FN:181,(anonymous_14)
FN:191,(anonymous_15)
FN:200,(anonymous_16)
FN:204,(anonymous_17)
FN:211,(anonymous_18)
FN:224,(anonymous_19)
FN:225,(anonymous_20)
FN:226,(anonymous_21)
FN:238,(anonymous_22)
FNF:23
FNH:0
FNDA:0,(anonymous_0)
FNDA:0,(anonymous_1)
FNDA:0,(anonymous_2)
FNDA:0,(anonymous_3)
FNDA:0,(anonymous_4)
FNDA:0,(anonymous_5)
FNDA:0,(anonymous_6)
FNDA:0,(anonymous_7)
FNDA:0,(anonymous_8)
FNDA:0,(anonymous_9)
FNDA:0,(anonymous_10)
FNDA:0,(anonymous_11)
FNDA:0,(anonymous_12)
FNDA:0,(anonymous_13)
FNDA:0,(anonymous_14)
FNDA:0,(anonymous_15)
FNDA:0,(anonymous_16)
FNDA:0,(anonymous_17)
FNDA:0,(anonymous_18)
FNDA:0,(anonymous_19)
FNDA:0,(anonymous_20)
FNDA:0,(anonymous_21)
FNDA:0,(anonymous_22)
DA:19,1
DA:25,0
DA:26,0
DA:30,0
DA:31,0
DA:33,0
DA:34,0
DA:38,0
DA:45,0
DA:46,0
DA:48,0
DA:52,0
DA:56,0
DA:60,0
DA:63,0
DA:65,0
DA:66,0
DA:67,0
DA:69,0
DA:72,0
DA:75,0
DA:78,0
DA:80,0
DA:99,0
DA:102,0
DA:103,0
DA:104,0
DA:105,0
DA:106,0
DA:110,0
DA:111,0
DA:112,0
DA:114,0
DA:126,0
DA:127,0
DA:132,0
DA:133,0
DA:134,0
DA:135,0
DA:136,0
DA:138,0
DA:141,0
DA:142,0
DA:143,0
DA:144,0
DA:145,0
DA:148,0
DA:149,0
DA:150,0
DA:151,0
DA:152,0
DA:155,0
DA:156,0
DA:157,0
DA:158,0
DA:159,0
DA:164,0
DA:173,0
DA:174,0
DA:176,0
DA:177,0
DA:178,0
DA:184,0
DA:185,0
DA:192,0
DA:193,0
DA:194,0
DA:196,0
DA:201,0
DA:202,0
DA:203,0
DA:205,0
DA:206,0
DA:207,0
DA:213,0
DA:215,0
DA:217,0
DA:220,0
DA:222,0
DA:224,0
DA:225,0
DA:226,0
DA:228,0
DA:237,0
DA:238,0
LF:85
LH:1
BRDA:103,0,0,0
BRDA:103,0,1,0
BRDA:63,1,0,0
BRDA:66,2,0,0
BRDA:66,2,1,0
BRDA:67,3,0,0
BRDA:67,3,1,0
BRDA:69,4,0,0
BRDA:69,4,1,0
BRDA:141,5,0,0
BRDA:148,6,0,0
BRDA:155,7,0,0
BRDA:184,8,0,0
BRDA:194,9,0,0
BRF:14
BRH:0
end_of_record
TN:
SF:src\app\tablas\resumen-asistencia\resumen-asistencia.component.ts
FN:21,(anonymous_0)
FN:59,(anonymous_1)
FN:64,(anonymous_2)
FN:88,(anonymous_3)
FN:93,(anonymous_4)
FNF:5
FNH:0
FNDA:0,(anonymous_0)
FNDA:0,(anonymous_1)
FNDA:0,(anonymous_2)
FNDA:0,(anonymous_3)
FNDA:0,(anonymous_4)
DA:13,1
DA:15,0
DA:16,0
DA:18,0
DA:22,0
DA:27,0
DA:28,0
DA:29,0
DA:30,0
DA:31,0
DA:32,0
DA:34,0
DA:35,0
DA:36,0
DA:37,0
DA:39,0
DA:40,0
DA:41,0
DA:42,0
DA:46,0
DA:55,0
DA:57,0
DA:59,0
DA:61,0
DA:62,0
DA:64,0
DA:68,0
DA:69,0
DA:70,0
DA:71,0
DA:73,0
DA:74,0
DA:75,0
DA:76,0
DA:78,0
DA:79,0
DA:80,0
DA:81,0
DA:89,0
LF:39
LH:1
BRDA:68,0,0,0
BRDA:73,1,0,0
BRDA:78,2,0,0
BRF:3
BRH:0
end_of_record
TN:
SF:src\app\tablas\tabla\tabla.component.ts
FN:27,(anonymous_0)
FN:29,(anonymous_1)
FN:31,(anonymous_2)
FNF:3
FNH:1
FNDA:1,(anonymous_0)
FNDA:0,(anonymous_1)
FNDA:0,(anonymous_2)
DA:8,1
DA:12,1
DA:13,1
DA:14,1
DA:15,1
DA:17,1
DA:22,1
DA:23,1
DA:24,1
DA:25,1
DA:29,1
DA:33,0
LF:12
LH:11
BRF:0
BRH:0
end_of_record
TN:
SF:src\app\tablas\tipo-usuario\tipo-usuario.component.ts
FN:26,(anonymous_0)
FN:28,(anonymous_1)
FN:30,(anonymous_2)
FNF:3
FNH:1
FNDA:1,(anonymous_0)
FNDA:0,(anonymous_1)
FNDA:0,(anonymous_2)
DA:8,1
DA:11,1
DA:12,1
DA:13,1
DA:14,1
DA:16,1
DA:21,1
DA:22,1
DA:23,1
DA:24,1
DA:28,1
DA:32,0
LF:12
LH:11
BRF:0
BRH:0
end_of_record
TN:
SF:src\app\tablas\usuario\usuario.component.ts
FN:27,(anonymous_0)
FN:29,(anonymous_1)
FN:31,(anonymous_2)
FNF:3
FNH:1
FNDA:1,(anonymous_0)
FNDA:0,(anonymous_1)
FNDA:0,(anonymous_2)
DA:8,1
DA:12,1
DA:13,1
DA:14,1
DA:15,1
DA:17,1
DA:18,1
DA:22,1
DA:23,1
DA:24,1
DA:25,1
DA:29,1
DA:33,0
LF:13
LH:12
BRF:0
BRH:0
end_of_record
TN:
SF:src\app\tablas\ventana\ventana.component.ts
FN:26,(anonymous_0)
FN:28,(anonymous_1)
FN:30,(anonymous_2)
FNF:3
FNH:1
FNDA:1,(anonymous_0)
FNDA:0,(anonymous_1)
FNDA:0,(anonymous_2)
DA:8,1
DA:11,1
DA:12,1
DA:13,1
DA:14,1
DA:16,1
DA:21,1
DA:22,1
DA:23,1
DA:24,1
DA:28,1
DA:32,0
LF:12
LH:11
BRF:0
BRH:0
end_of_record
TN:
SF:src\environments\environment.ts
FN:61,(anonymous_0)
FNF:1
FNH:1
FNDA:41,(anonymous_0)
DA:17,1
DA:60,1
DA:61,1
DA:62,41
DA:63,41
DA:64,41
DA:66,1
DA:67,1
DA:68,1
DA:69,1
DA:70,1
DA:73,1
DA:150,1
DA:159,1
DA:167,1
DA:181,1
DA:182,1
DA:183,1
DA:187,1
DA:295,1
DA:340,1
DA:395,1
DA:404,1
DA:415,1
DA:426,1
DA:436,1
DA:437,1
DA:442,1
DA:681,1
DA:716,1
DA:741,1
DA:1009,1
LF:32
LH:32
BRF:0
BRH:0
end_of_record
